TerminatorVN Crash Dump Sun Feb 11 23:55:17 AKST 2018

Error: syntax error, unexpected '}', expecting end of file
File: /plugins/BuyEc-D/src/AmGM/Hulo
Line: 105
Type: notice

THIS CRASH WAS CAUSED BY A PLUGIN

Code:
[96] break;
[97] switch(strtolower($args[0])){
[98] case "help":
[99]  $s->sendMessage("§a-§7|§a=/_§7][§cB U Y E N C H A N T§7][§a_\=§7|§a-\n§6➼§a Hệ thống enchant vật phẩm:\n§6➼§a /muaec <id> <1-5>\n§c❃§e Giá trị:\n§a❂§b Level 1: §d1.000Xu\n§a❂§b Level 2: §d2.000Xu\n§a❂§b Level 3: §d3.000Xu\n§a❂§b Level 4: §d40WC\n§a❂§b Level 5: §d50WC");
[100] }
[101] }
[102] }
[103] }
[104] }
[105] }
[106] #muaec 0 1 2 3
[107] 
[108] 
[109] 
[110] 
[111] 
[112] 
[113] 
[114] 
[115] 

Backtrace:
#0 (): spl_autoload_call(string AmGM\Hulo)
#1 /src/pocketmine/plugin/FolderPluginLoader(76): class_exists(string AmGM\Hulo, boolean 1)
#2 /src/pocketmine/plugin/PluginManager(159): pocketmine\plugin\FolderPluginLoader->loadPlugin(string C:\Users\Wc2018\Desktop\WolfMine\plugins\BuyEc-D)
#3 /src/pocketmine/plugin/PluginManager(346): pocketmine\plugin\PluginManager->loadPlugin(string C:\Users\Wc2018\Desktop\WolfMine\plugins\BuyEc-D, array Array())
#4 /src/pocketmine/Server(1889): pocketmine\plugin\PluginManager->loadPlugins(string C:\Users\Wc2018\Desktop\WolfMine\plugins\)
#5 /src/pocketmine/PocketMine(492): pocketmine\Server->__construct(BaseClassLoader object, pocketmine\utils\MainLogger object, string C:\Users\Wc2018\Desktop\WolfMine\, string C:\Users\Wc2018\Desktop\WolfMine\, string C:\Users\Wc2018\Desktop\WolfMine\plugins\)

TerminatorVN version: 0000000000000000000000000000000000000000 [Protocol 113; API 3.0.1]
uname -a: Windows NT WIN-VCQUKKDO8FH 6.3 build 9600 (Windows Server 2012 R2 Datacenter Edition) AMD64
PHP version: 7.0.2
Zend version: 3.0.0
OS : WINNT, win

Server uptime: 3 seconds
Number of loaded worlds: 0
Players online: 0/20

Loaded plugins:
AntiSpam 1.3 by xBeastMode for API(s) 
Broadcaster 1.16 by EvolSoft for API(s) Array
EconomyAPI 2.0.9 by onebone for API(s) Array
essentialsTP 1.1.0 by LegendsOfMCPE for API(s) Array
iProtector 3.1b by LDX for API(s) Array
NoFrameDrop 1 by  for API(s) Array
SimpleAuth 1.8.1 by PocketMine Team, shoghicp, awzaw for API(s) Array
Slapper 1.3.5 by jojoe77777 for API(s) Array
TapToDo 2.2.1 by Falk for API(s) Array
TimeCommander 2.1 by LDX for API(s) Array
VoteReward 3.0.2 by LDX for API(s) Array
WorldFixer 1 by CreeperFace for API(s) 
Kitt 1 by  for API(s) 
AuctionHouse 1 by R4KT, Skull3x, Muqsit for API(s) 
HealthBarFit 1.3 by 1 for API(s) 
BlockSniper 1.3.4 by BlockHorizons for API(s) Array
BlockBoost[PTK] 1.0.0 by  for API(s) 
