PocketMine-MP Crash Dump Mon Aug 19 16:13:00 WIB 2019

Error: StringTag cannot hold more than 32767 bytes, got string of length 65536
File: vendor/pocketmine/nbt/src/tag/StringTag
Line: 44
Type: InvalidArgumentException

A PLUGIN WAS INVOLVED IN THIS CRASH
BAD PLUGIN: ReplaySystem v1.3.0

Code:
[35] 	private $value;
[36] 
[37] 	/**
[38] 	 * @param string $name
[39] 	 * @param string $value
[40] 	 */
[41] 	public function __construct(string $name = "", string $value = ""){
[42] 		parent::__construct($name);
[43] 		if(strlen($value) > 32767){
[44] 			throw new \InvalidArgumentException("StringTag cannot hold more than 32767 bytes, got string of length " . strlen($value));
[45] 		}
[46] 		$this->value = $value;
[47] 	}
[48] 
[49] 	public function getType() : int{
[50] 		return NBT::TAG_String;
[51] 	}
[52] 
[53] 	public function read(NBTStream $nbt, ReaderTracker $tracker) : void{
[54] 		$this->value = $nbt->getString();

Backtrace:
#0 plugins/ReplaySystem-McpeBooster.phar/src/ReplaySystem/Task/PlayReplayTask(74): pocketmine\nbt\tag\StringTag->__construct(string[4] Data, string[65536] .................................................................`...`......(...)
#1 src/pocketmine/scheduler/TaskHandler(159): ReplaySystem\Task\PlayReplayTask->onRun(integer 8593)
#2 src/pocketmine/scheduler/TaskScheduler(199): pocketmine\scheduler\TaskHandler->run(integer 8593)
#3 src/pocketmine/plugin/PluginManager(681): pocketmine\scheduler\TaskScheduler->mainThreadHeartbeat(integer 8593)
#4 src/pocketmine/Server(2569): pocketmine\plugin\PluginManager->tickSchedulers(integer 8593)
#5 src/pocketmine/Server(2345): pocketmine\Server->tick()
#6 src/pocketmine/Server(2205): pocketmine\Server->tickProcessor()
#7 src/pocketmine/Server(1784): pocketmine\Server->start()
#8 src/pocketmine/PocketMine(275): pocketmine\Server->__construct(object BaseClassLoader, object pocketmine\utils\MainLogger, string[47] C:\Users\maxthedev76\Desktop\FileHWings1882019\, string[55] C:\Users\maxthedev76\Desktop\FileHWings1882019\plugins\)
#9 src/pocketmine/PocketMine(299): pocketmine\server()
#10 (1): require(string[102] phar://C:/Users/maxthedev76/Desktop/FileHWings1882019/PocketMine-MP.phar/src/poc)

PocketMine-MP version: 3.9.4 [Protocol 361]
Git commit: 1be6783c34ec51b578464899994285a7e8188590
uname -a: Windows NT NGHIAVPS 6.3 build 9600 (Windows Server 2012 R2 Datacenter Edition) AMD64
PHP Version: 7.2.16
Zend version: 3.2.0
OS : WINNT, win

Loaded plugins:
StairSeat 1.4.0 by korado531m7 for API(s) 3.9.0
DevTools 1.13.2 by PocketMine Team for API(s) 3.0.0
ReplaySystem 1.3.0 by McpeBooster for API(s) 3.0.0
Broadcaster 1.5 by EvolSoft for API(s) 3.0.0
FormAPI 1.3.0 by jojoe77777 for API(s) 3.2.0
DEVirion 1.2.6 by poggit, SOFe for API(s) 3.0.0
Newspaper 1.0.1 by Johnmacrocraft for API(s) 3.3.0
LuckyPot 1 by FreakingDev Fixed By ZulfahmiFjr for API(s) 3.0.0, 4.0.0
Slapper 1.5.0 by jojoe77777 for API(s) 3.9.0
iProtector 3.1.1 by LDX for API(s) 3.0.0
ManyWorlds 2.2.0 by aliuly for API(s) 3.0.0
WhatCrates 2.0.0 by SchdowNVIDIA for API(s) 3.0.0
BuilderTools 1.2.0-beta2 by CzechPMDevs, VixikCZ for API(s) 3.0.0
WorldProtect 2.3.8 by aliuly for API(s) 3.0.0
MapImageEngine 1.1.3 by FaigerSYS for API(s) 3.0.0
essentialsTP 1.2.2 by  for API(s) 3.0.0
AntiSpamPro 1.4.1 by awzaw for API(s) 3.0.0
RolePlay 1.1.1 by awzaw for API(s) 3.0.0
AlwaysSpawn 2.2.4 by Philip Shilling for API(s) 3.0.0
SpawnParticles 1 by UnknownCoderPro for API(s) 3.0.0, 3.2.0, 3.3.0, 4.0.0
QuestPMMP 1.1 by Gamchik for API(s) 3.0.0
EnchantUI 0.4 by UnknownOre for API(s) 3.0.0
CmdSnooper 1.0.0 by HotshotHD for API(s) 3.1.1
RedstoneCircuit 1.0.1 by tedo0627 for API(s) 3.6.0
OnlineRank 1 by TungstenVn for API(s) 3.0.0
DNP 1.0.0 by NguyenDongQuy for API(s) 3.0.0
EconomyAPI 5.7.2 by onebone for API(s) 3.0.0
PurePerms 1.4.2 by 64FF00 & ProjectInfinity for API(s) 3.0.0
PureEntitiesX 0.6.3 by milk0417, RevivalPMMP for API(s) 3.9.0
Cameraman 1.1.1 by ChalkPE for API(s) 3.0.0
MyPlot 1.5.1 by Wiez, Exxarion, jasonwynn10 for API(s) 3.4.0
Warning_Interact 1 by NguyenDongQuy for API(s) 3.0.0
VANG 1.0.0 by NguyenDongQuy for API(s) 3.0.0
MuaVang 1 by NguyenDongQuy for API(s) 3.0.0
PHP-Sell 1.2.7 by Muqsit for API(s) 3.0.0-ALPHA9, 3.0.0-ALPHA10, 3.0.0-ALPHA11, 3.0.0-ALPHA12, 3.0.0
CapeUI 1.0.0 by SuperStulle007 for API(s) 3.0.0
CustomAlerts 2.1 by EvolSoft for API(s) 3.0.0
TeaSpoon 1.2.0 by CortexPE for API(s) 3.9.0
SlapperRotation 1.2.1 by jojoe77777 for API(s) 3.0.0
SETVIP 2.3 by MCPEVN TEAM for API(s) 3.0.0
PureChat 1.4.11 by 64FF00 for API(s) 3.0.0
FormAPI-FS 3.5 by Saehing for API(s) 3.0.0, 4.0.0
ScoreHud 5.1.1 by JackMD for API(s) 3.0.0
AutoClearLaggEF 2.0.0 by Potatoe for API(s) 3.0.0
MuaVangUI 1.0.0 by Phuc An, NguyenDongQuy for API(s) 3.0.0, 4.0.0
PointAPI 2.0.9 by onebone#editPhuongaz for API(s) 3.0.0
LuotKhoe 1.0.0 by NDQ-Zoid for API(s) 3.0.0

----------------------REPORT THE DATA BELOW THIS LINE-----------------------

===BEGIN CRASH DUMP===
eNrtPAlv20a6f2WgBG+dQpR1+lDh4Lk+Gu/asRopye6WRd6IHEmsSQ7LGVpWiv73/b45yCHtxE6i
3cUDGiCJOMd3z3fx+L214HlC5YdblouIp61xv92SUcJa495ob6/fHR0edNutmAp5luc8b41/b8lN
BtOti/SWxlF4nC+LhKXy7C5gmUQQ7VbChKBLXDSVeZQuZ3RJApqmXJIVj0OS8JwRuaIpGfT39/bJ
fCOZaJMlzAu1gfAFiVm6lCuyNxoN9gDmoojj8yhGoNmK5uPd3ZPx7lsBZO8m9E6uWMhu9/d2T5m4
kTzbxaWv3gMo0Ts46Hd7h7sTHtwweRWlzLuadBDG7i1LQ57vZmomgZnddC53RR7sSrrcLWmHxRlS
oLE/cRNsiGGyNR4OQaI5DeDnz61nXZLFxTJKxe4blsV0M90IyRLvKsjYD5zD71yThvDcFbszKm52
J3CtR/FyZ3/4YkwqQnwfKPF9IMP3Szq8lx8+BDwFuRaB3NHi/Xn4CzmlkraNuH9WQv6FdL71z/+Z
v/BnB/6+ACE86xHkxRGXCEBZRcxyxdMrmobwe6c3OgRmXJZ9H+d9v86095Knb4p0J0olW7KcHIwO
BwpP//N4pvZqp3d42BBbuVKjNCR5L/OH8AyaeLRCQTf43xVNwfLznb2D3ueRlPR4LxMapbNVzmj4
itFczhmV99EOm2inLIdDu9Mf7TXZ0QSh4ByKvJcyCiqs4j6G0acwDIajBgY9o0HuqM17n9oMLuQz
myc5D8BZ8FxD2f8ElN7+wfATUIQEkendB83d1ZHf6e9/igz3ePD5ryyQ5Acq2An4PHHJacjyNjHj
7vZCRrHw/SvQ3SVfLnGVPVz7v5CTse8r5+T7jnfyfeOefP+ef/L9EsBo9HUAjGfxfSWNw89J4/4R
0ILWJ7ZLdtB6c/ZbEeXMOo1et/8L2ZrvNcS9aP3yR7vF/sux5Ws9O5Cuhf4hSm95fMuQWoAUpSEI
LpAtOw9jrmuD8YCHDDkejGDOl1ke3VLJyHNgvGDfwwKgbNzC//fVgt3vvsOLA3VBviP/m9GcJpan
5ymFmA3zh5+YV2BhwbBrFuziRU/jLuZxFJBFkQYoZHI/YGj45Ij4Lb/VrgM1oy9+R4B9BRBA0hwk
MR67oBSMF8jacGCWRQtEANrY0bBekJdabRra0CzzpVzlfE1Stia+/ynj2PG3YBJ+i3RInSZN8sjQ
8gde7JmL53IVCe+llUOlvKFWmlp8oPU4PHxQ2EsmZ2D0Oy/ImIBLRr5HXQM+Z7LIU/L6h9l4PDv+
8YNmD+GPeiX8UV/DHw0ehI9hZQcgwF4G9vAcTLoNYRb92gyykhuIAM+l/oEk3PIoVDQMP8Ei7Pde
AtGalh0Qzh9/5jd/5jd/5jd/5jd/5jcP5jft1pKlLKcxhnsVp8et2gagaQ4aqWrw1qBz2BnicBHF
IZTi+/ujdisSH4CO1nhBY8Egsci55AEHqIO9HuCIMPHozdne/sEgGAxZMOrNR2BXe8ODQ/gz7B+M
6D47AJJHh12AndObOJrDnm6n1+/gSGGIA9ZCvhbk9Yy8/vHVxfG7yZTsdQZEUUMO97ogP7tGWxkB
KfTJm77yugEEZRg6CyMMQC/I8dXpHjKDVfS4td/pd3qYdH2EbEuxqpHD7AcuEPvF69czGFAXa0id
yiRLoACnkkb5FFyII81qrN2qhNjrDBVkWsgVzwWGpxue05CPBr1kH/VCswhHUdpdvGYpnccMqILT
AhIOWQY04kaYE3whT90B9GqAxQGJUckQ4vzEdBGOGSr9ejp7f/3m8hSG1mwuIonEI3+n7HbGeSwc
nsqhOks9kFedp8qUyAwifI2v7tfzZfHjkSwpMYxMZ8dvZm8nNTZWUmYCTg7Y4aqYdwKeOKdit4QB
zNYS4YrhRn7sMj1o6tFJJ7bFbz0yN4j5rALlOpKY1yDLLmHA6g85bAyouqw4dUfrjI7qbJ5BTTEF
erfFo4PY9+tUPEGz6/W6w4AihN6RN8jfOc+T48mFw5sdeUSBv/JfOdvHPzXe+l/PWwURYocmovzx
pCN49i7KFb3VEbRDdWb6nb06MxnExwjP+fT6nG1LVxqo798qEnwfXL/55ZD1Ga0hT6/ZWmQ0qxlf
NVbnCqJAnau/8lWa0AASmJw2THDw9WzVofp+SY7z8zF1PeBq6mB3K1AghcsiuNlMuBswyqGaDOr8
n0PCegNBHlwXOY/uWEh+2JB/FvGCrpLo/Nf7jgdKvG9RuKVJ51xPMdlpTLO6cu1Iw6s88fR9QxQU
GvHTaH9AfxVFu5YHYDCC9FlCYspdHp1Bl81Bp9e04MvTv2/rNAIo368wfzWfAMe7Opmc7TpcAKNQ
w2ze8zwO3QzAGXQZ7ZuEyWGUxlERb7bFq4aGeXm6WSv8TzfJ9ysqT3IqmcuIM1hnpNtkBMo3yCpf
v7s4vTjeFjsuTN+vaHk6Uz9g3svyZoZWG26GiK43Z5I2UrWTjyxYTa7Ao+CGd9FddHPyz23xGSDw
LIE4AazNNW1SZ3ANSr/UaB2yd2ugUOFoIMaWXZW7w3WlDzoH/wnrVZabaQqaqn5i/noF1eEiYnHo
VJmebW/JnDGoDjF92q1xq45zdpHQJTtLl6pR7Bzp2kQjte8MGhGIRlB3T/8x3ZZsSoAoEJeS5vVT
TgUTAgq9CIrR2cRhsTbcPBX187AlrlyMvt/A/ygbx7B4mtEE1Odw4Y42a8pGlKHrj3S9NetFYL5P
AT0kMAnYr+/XaXmUoTc8ZthSdEsrO9Q0uP8AKzngxlrqq0OmJgo1Fa/pRoAk1m6S7o42w+SwUSmv
ojjKyBT+iyGx21qmrsAKAxWUpygSSJHv6w7b46m6YmBCcxkFcS14NiY+k7C+TW9Svk5POCBEW7mf
n9pey8AUZN+Ur9YJe3o0/algQk6urlynUY01LLTO4Y80CVbRzbYUdxyzux9y7CQr/L7/G/4nnsLE
WRqs4JC+dUvfasxlotu0QqOm63xrpWIF0fdLIp6ukJMknKac1ysJZ7BZJzZytldcihWXr05r7KDu
vjaRSUKhUft+jYzHXR8LheQpO4nyoIhkrblUn3mk9pUs5N29fr082vt6DeUG/VMSEWTkOsU7zG9o
euPw4Ax+xgvMinQJSUn6Lt2WeWmIH3ga54D76XZ1+to94nj1iCW9XhYblp7ydPlTsbV8UDfqfR/w
q3+edLoDnvJkU+9sOYMuH6POfrMjC4qew99tcWDAQWqjKQCYcM5dah5laFLkbMLyxA0s1VgzwWmw
szc8P+92yf8QCCp4m+giXURpJLemoQ8age+XFDk/n8rdGSRJMmLi7w0Oq/G6U95rJttJFN90h739
FrqR2+iWxioebak/kmuQWZJkvp8BXczQpVm1VH5xieKQultnFx07iCGnUMa7fr0ceyQXPFnR+GZy
trXqFMH5fmDRg2t3KHk0JwSuFYROxlSBtZnEtYaeGWj2vRo8vY/YRxg5u7ujpoH6KxU8XW/StNet
cTr8Uk7r7sHc+YBTizn3WVmSgDydTnMlHU0+uFbLxiPx4T3NU3BrHy7wThutV97Nqc/Ein+rw31v
KXh6xHh3/PpHhxV1+d+MGUiA/vcp1F8V9B2FssKxSjPy31LBU+U+eTXxpiyu3aC2Q80Sfr9xJ674
DQA1CfeOLyevjg9VqVFe9rqN617jum+vv7okAYLx4ZYvyH1pxmpJvBl4xOqmBWSkU1nEMet297dW
j+SFpO+u0DUiEV/ARQHZZQLlTC7dCF8brtfGvX/vjUYXM7BTp+PrbjXOGJ1mvHZ/rhy613xthDKe
S3bXiGXfEMwtvC9pK9o9nbvNR+fezRsuqazfdWzONJnrPelezrecojoBX3A/6mz27sLN+c1Ao//b
cCAnk7N3r8ns7PhqWwxokPgElHwXZU/NICHhkY3kUQ3da//1HkqPv4h2J/e+n0icU/XgptDtvr9D
gscLSBw8O976ROaMxFa/vqLRpogy3e0STHWT3zuf3r/Pj4P1u3CNRximlK0e6rV9Y/MJ0ItL5ekN
Auem/5zzJz10Mw14zl4VoWuwdqhe4d1Ljv9Kg5ur023Zq4YGrBjs1a8nNbALyU9iRvNLulyenbut
0cbMIzffJnjg+dbK1hr2r+7+GqJmOWz/x2y3BtRJumoxvBp7JIxPVkVAjtM2+XwW9o22WmZjmqwv
SMt4lMp6E6Icaury8MEWxDMWRhK4BMbox20pNuRQtkXf1pC4LLj824qz2jMZZuixjP/0J++fPAq3
nSxb/NWvxxnBRxPxNQsGlU7jYTz7ICjs8DxNl0dTESmPrx6a7GQ5NjZV3T9uPZuUV+SEp4toSfC1
FD/302f4jKnXPfB6+6R7OO6PxqMDHI/Bmgq6ZEcMrAquEy7DI79gvW6P+EW3S/dj/V+geTQPa9am
5sTTP8wwI/ZmEbniITNzRENFJJp2L4N85qh32Bv0cXC9Aol4cSTkEV8scARfvyjSAO+X0g2sp8Eq
Yvr9GGHXqFsknrlHC/o+6u0pNuid2SWONKNLkHAC1Bx18WrBc4BbjhlgIOoQvaa9zm6zI0he4FcY
LRZRUMRyc6Q40E/jSp57gkmJgjlS0gTyYg+N8egkkptqSDAWOivwFaWj07Pz47eXMxw1uv2tYPnG
YDRDORwJM4I/OxkVYs3z8Og79QeEBN7ME/SWmVW3EVt7IUiRguSOekq0d3N+56H5H6nnfnEIn5Yt
b0h3NkmM5kPQq5BAWU6Rq8xNGRABcZGaWSqTIrMVE4xYCRCqXpFhBJyGwHdlpH2DZs5IlAZxEbIQ
fpB7pquhTXnC8C0aeR+qoAvWJhxmcoFAyRwfrCIbXuQGGokWBFQZLSKFA7SI707FGw36NVuXAHdD
tqCgSUHWPP2LJJio0pygHBNgOaBxvEEq8Z0Vzf16xVJSZMuchgCggyC1FWuAY7wg5Nn7FUMCieSA
Kw0JADJPq4M0cji3MZVAnJpWJMcckAHL8ItJJTl8QC9gZKVersCRRMPW5mrP6piUaiRErAoZcjgD
5qW2MfFb5oHqIOaChX7L0Hccx3xN8IDh60rmGQRyG1HyE9qdXqVM0D6gMCboA8326Qp2U7QOAaeb
GHRaONSAI4UA1YPLBOErZsGVw0rwu6HQYKo5D0icA4E1JGfK6i00EAPB80jAVEATSPZ8Q4z+9A5z
TMoFNdk8ex+BDngKCqVhSHImtN6RZHyzAkijArJU9CgEtD1nKCHQB/utoDFqahndwlr94tKOQUz6
3RcavsYKh5ShK/NA1/iSwxgWGPyvi2QOigCjPhabNMB3WsDq8hsw445Z8hZUpM6X5RkXrnIIhAWY
DWwQbaKeQyHG58ChbINUEpCjwAinpAQBBceSIgUDxiUW/FRZFvAGZp7zuwhMnIE4gDV1eNKSQJRz
SdTFAo8LrsJj0SaR/AsIUuZqY8jQ1yp7bWwnO8AHmADpGwEpZjzD8VgBu39YqLLLvEix54hHALSQ
KZWoJ5BEh+Djk/o3SaLlCvxKTsWq7XoBY7EomTwvMqlHteBQQPj+XsmdUjaYIQgMDqo+kxTfWgPi
H6YBbQbtkIPIwd46NeOD5Z5e5lifikIQXfKN9Q8/xnwOVoU5BNEzcBiTSKKzSdiSqlcKO2SqBd9V
oo4EYjAAZqjHdaQ0oSwNPMja06Cs8QnF7SICYsFNAh+pgrbIGbNItfmD9gp1gJccFMfRX6CdaFRL
RaqnyBuTruUHaFARQqoXsf5fcIIJ2mN8YNj/Vj6E5Jkixfj2kjQDUBBwNBi8wSFXhCFmS12v2x86
BCqH8V6dHEOn+MtWKFVnR5GG3oUERY6v2YJPYHcsKFRs4Jp0fW4xspar2V0AmYyoOLOO7np2Niaz
VxdTcnlxdTEDxz+5vDibksnZGwJZ79/O3kCFdD0js2tYdUbev7q+PCOTN9cnZ9Np576zqEmmP9pz
BDNhecRVHoEuXCCrwYopZ67kUrrpHugColVofJFa5OFjm9ZBG4CQKQPX4ODB1pD7T5miNkFIUzFm
p7jMoDTwNRhw21UgsJHNYLrGSISJitrWub8D7cTUH6DMjAWYz2hpI+Fa23pvyQ2YHstExfaga/gW
Lz5FmJHCwJHCkuZzOENewONYZ9LGbT0scXUskSyzj5h94P8TmhYqh3IpgiyzAAt90bZx5b6JWiPV
4XqxAGia86Q6qh1yraOGPhCQ/PAiDktqIghF65RUPAgLOlMsAMt73a7DNeA8Vw7mXtBVZqXhlDwu
cp7Y8G33mzWea7xNvSNnRr8P2A15wODuWc7UZsOozJyrp8SswYdFkumU0WanxEx5OFXp8RQXmk2K
F0W05QiuII0AB0EfEDskBBBQAcstGKEQBUNnIlegzaVNptHhIb6KsrZVsM5ATL7csfTg4s/KDYu4
YFWkN6Li4YRmOB4lRQIRHIJ3Tmyxg0omuujT1FSSxnNlRKtO1n0bhKoiKylTSD1M9wsI6cOaJk+5
nm5aPmZi6Dc1FrvcHjgN0Sxt8qmyFC+A8pY5nJ4CYSozgtQVZQq06nRGw8rwdXussHCX5rfiFbaV
Utb8WQpwuZtxo0ixF2ZhPwbuMVvFvymTqNBxGXogNVQfUcA0d05lsFIFiGIAMjYwMxO+lH/U5Z+Z
1SFrzsqE14bPZ64O7SS66HwjEXybeD1HvUa1CrknLUFlaFFRoMqoVZGOiWyoJYHlnCo+cDsMGuI6
5BVko2BtR/rzECeTt23YC3TM4TSuoxAOiMpMrB8uMXgKw5jsV0VAVSEIJSdndYcch+DsVjRe7EJt
rUuXkIGlG3SAmGCXCQ3QObZuWHXA1Uukszv0jZjq0ritnS+iN+/mdgh4Lqa8Ieb1byfpxFYFVbGM
xQ9uWkPM1lCLLM08M3KvKLsyx1dEH1mpfKwhrM7xSQebx0GNoa3JievDw77e9KJDJmZPTPOl2kBN
5W4Mx+Bc5HSJPILygDmRxSp1wlI8ARbQb9AcFXoSR9hdUj0GfLWbCUmuZm8VrQLYQubnhSTY1ag+
CaIQ6lqoU7muRBYe7hsriu3hCNm8WI6rOusl6WF9ZbJIrLHVCltfC92KYLbu1huN+fQsUO31LNST
FYe6Gk3XlljMltXKOYZUUiLobeWMsX9ku2w463oIfI4cvAejsvJNQLd+g9wm8aowBANTKZLIIEdU
KVPKA3xaWu0G6V7RDUgWDSnht7bqxmBSel7l8Tw7q9GKuoexDbV682WmuifaQPTn6HQHSq021lAI
064I4HRI60nMLk/vGpMMEpjbKLbotN80HqDEhkGApssy3U9xc9yMSG27qtaUe7AFZmvT44QXaP0L
7ebNYUDh6m6mCnLoAEwHAhSGVyZKAYA3Kmo5AJQYUqar3DnTAOdsgdaruqcquKysdRiDUG3VexFQ
CwMROsKA80xok+xMf7QCsDIIKQ9T3P0UyTQHaKHqKimDBcIrAPirpGxgzgN2BbwiC/GlrJq3CTC4
KYSqtVxrNl2cKqTzmGNWi0ca5cxytATIt8EBJsTwSsqOio2naldDFADTI33yjCyhxhJ1oVXdG0du
nfuCM8d9TSNVioELgspEay7jWRFXhmsuMZyoVcbZHFi8Kln3stIvoNPGgz4mbhKs+se6gTUuQyv2
3VSZqCd0RDIqjfSNAtv9CF2R4jHx8KtU9wbL89qcyFaQMS54TWlwUD19H89ZveKoPkVWB5+B7ES8
5CHl6SbBAkfg8wYCOBcuM1i/mRWkWqGYUr6QLpc5FNG6tVZ2MjG5U181us+xohXcwPXpNX4CxNyb
MYEHPcya6VyZqu9NIU6hGHBZUaMdpwsPka6mFW3PVn0PiBs0r9eU9gcBN/VMqKineWqG10UK2XSK
huX0u9rggrMVbRN89VDFSunkT+DhFyyHHNpDx5ZiDNLzVTzTHTRa66GZe3FOnCsgc4TQqtyj9T8G
pLENvcLiecASNOdNU5BR4oYFEwoRPO6yeQxqHn0yolaNQrPNtog7LiIz18RkpfxY0DURQtuAPk9O
j8W202UkSynbbsrKDCsnhEWNyYWNC8KGNhQhoUoBo0UJCqoMYEnfOEGnZhsK1n0CROOB3bBK44iK
sv6AtJAmWVxdY2YC9BpNjq1K7SzYOnbAxuRnlUpAGG+rltgvFrx+CdiJ1u4tHsUYJnx5FJq2gr2/
pvoFDwVMlV+odEGo3FeVnaC7CKg2Ub/OisWtKLEXBG/MYSiy4bPCPCbnl8ezcf/7/fbo8K7XHtwN
2v3ve9+HLODake/g+5sB+u+jg672+fpqOHpRZWb6Tkq9jteeAsMaaMC05VRepPpqoNVgQ/Tnlorc
en9bjuTl7RHluwAORMlA3fUSVnyevYMDtmJT0mfnymkpZGpHDUyhEhfzIUJnxFP5YMftInL1pTzC
7sCNClPTBTeY6gtVtYBs5hEk2BvdIlDrkGcgB2oMHbHsCdO8KhyQH+VOFGi1W+xOslSo55XGv+MT
c8z99s88gHRt5Y7g3bQ0pHltjCcfQi7BtdZGzTciq4Eij91rdC3u9SKK1fdXqpFlUvsS0QrCkn7W
AC4iOIq37uyvwjyJsKfmk7m+L+guwdwQaA/dsSyos/yGLUyrobZTRRBRH4L0KHFHppNL9zLZiN9i
9e0k84uM8A2mPt7LIB5+imnUHXb34efzC2ybjQ57IaVhvx+y7sGoP+wfjlhvHnb3B2BIbLHo9dje
aP+QPAfYkt+wFFKRmrg2VN1ixsdM8F22j1GmXxkY6Uv9FalyNVzeJXWFcGSn3+0Oer0+PqgCfiAV
oramsSUzXULzgagefviq3ZqslIEgIf3aTfAPKgFTnyzTH7TSqlzOo5TmG7MFXztXEPEpSrxQnibU
n8DSz1UG+SaTXA0M1MAyvCf5qKYsuJZs4A7lDAwSLX9ZaJPQ5Pzxx78A65qGSA==
===END CRASH DUMP===
