PocketMine-MP Crash Dump Sun Aug 18 20:11:22 WIB 2019

Error: Call to undefined method pocketmine\Server::getScheduler()
File: plugins/DeathNPC-master/src/DeathNPC/Main
Line: 53
Type: Error

THIS CRASH WAS CAUSED BY A PLUGIN
BAD PLUGIN: DeathNPC v1.0.1

Code:
[44]             ])
[45]         ]);
[46]         $nbt->setTag($player->namedtag->getTag("Skin"));
[47]         $npc = new DeathNPCEntity($player->getLevel(), $nbt);
[48]         $npc->getDataPropertyManager()->setBlockPos(DeathNPCEntity::DATA_PLAYER_BED_POSITION, new Vector3($player->getX(), $player->getY(), $player->getZ()));
[49]         $npc->setPlayerFlag(DeathNPCEntity::DATA_PLAYER_FLAG_SLEEP, true);
[50]         $npc->setNameTag("§l§cXÁC CHẾT " . $player->getName());
[51]         $npc->setNameTagAlwaysVisible(false);
[52]         $npc->spawnToAll();
[53]         $this->getServer()->getScheduler()->scheduleDelayedTask(new DeathNPCClearTask($this, $npc, $player), 4800);
[54]     }
[55] 
[56]     /**
[57]      * @param EntityDamageEvent $event
[58]      * @return void
[59]      */
[60]     public function onDamage(EntityDamageEvent $event) : void{
[61]         $entity = $event->getEntity();
[62]         if($entity instanceof DeathNPCEntity){
[63]          $event->setCancelled(true);

Backtrace:
#0 src/pocketmine/plugin/MethodEventExecutor(38): DeathNPC\Main->onDeath(object pocketmine\event\player\PlayerDeathEvent)
#1 src/pocketmine/plugin/RegisteredListener(98): pocketmine\plugin\MethodEventExecutor->execute(object DeathNPC\Main, object pocketmine\event\player\PlayerDeathEvent)
#2 src/pocketmine/event/Event(99): pocketmine\plugin\RegisteredListener->callEvent(object pocketmine\event\player\PlayerDeathEvent)
#3 src/pocketmine/Player(3637): pocketmine\event\Event->call()
#4 src/pocketmine/entity/Living(639): pocketmine\Player->onDeath()
#5 src/pocketmine/Player(3626): pocketmine\entity\Living->kill()
#6 src/pocketmine/entity/Entity(1054): pocketmine\Player->kill()
#7 src/pocketmine/entity/Living(143): pocketmine\entity\Entity->setHealth(double 0)
#8 src/pocketmine/entity/Entity(999): pocketmine\entity\Living->setHealth(double 0)
#9 src/pocketmine/entity/Living(574): pocketmine\entity\Entity->attack(object pocketmine\event\entity\EntityDamageEvent)
#10 src/pocketmine/Player(3724): pocketmine\entity\Living->attack(object pocketmine\event\entity\EntityDamageEvent)
#11 src/pocketmine/entity/Entity(1201): pocketmine\Player->attack(object pocketmine\event\entity\EntityDamageEvent)
#12 src/pocketmine/entity/Entity(1184): pocketmine\entity\Entity->dealFireDamage()
#13 src/pocketmine/entity/Entity(1120): pocketmine\entity\Entity->doOnFireTick(integer 1)
#14 src/pocketmine/entity/Living(677): pocketmine\entity\Entity->entityBaseTick(integer 1)
#15 src/pocketmine/entity/Human(678): pocketmine\entity\Living->entityBaseTick(integer 1)
#16 src/pocketmine/Player(1764): pocketmine\entity\Human->entityBaseTick(integer 1)
#17 src/pocketmine/level/Level(848): pocketmine\Player->onUpdate(integer 8280)
#18 src/pocketmine/level/Level(786): pocketmine\level\Level->actuallyDoTick(integer 8280)
#19 src/pocketmine/Server(2445): pocketmine\level\Level->doTick(integer 8280)
#20 src/pocketmine/Server(2576): pocketmine\Server->checkTickUpdates(integer 8280, double 1566133882.0655)
#21 src/pocketmine/Server(2345): pocketmine\Server->tick()
#22 src/pocketmine/Server(2205): pocketmine\Server->tickProcessor()
#23 src/pocketmine/Server(1784): pocketmine\Server->start()
#24 src/pocketmine/PocketMine(274): pocketmine\Server->__construct(object BaseClassLoader, object pocketmine\utils\MainLogger, string[47] C:\Users\maxthedev76\Desktop\FileHWings1882019\, string[55] C:\Users\maxthedev76\Desktop\FileHWings1882019\plugins\)
#25 (1): require(string[102] phar://C:/Users/maxthedev76/Desktop/FileHWings1882019/PocketMine-MP.phar/src/poc)

PocketMine-MP version: 3.9.1 [Protocol 361]
Git commit: aaa01bb6f87082fc4cf4c251c06f1a590d886f2e
uname -a: Windows NT NGHIAVPS 6.3 build 9600 (Windows Server 2012 R2 Datacenter Edition) AMD64
PHP Version: 7.2.16
Zend version: 3.2.0
OS : WINNT, win

Loaded plugins:
AlwaysSpawn 2.2.4 by Philip Shilling for API(s) 3.0.0
HotAirBalloon 0.0.3 by solo for API(s) 3.0.0, 3.1.0, 3.2.0, 3.3.0, 4.0.0
SpawnParticles 1 by UnknownCoderPro for API(s) 3.0.0, 3.2.0, 3.3.0, 4.0.0
Broadcaster 1.5 by EvolSoft for API(s) 3.0.0
StairSeat 1.4.0 by korado531m7 for API(s) 3.9.0
Slapper 1.5.0 by jojoe77777 for API(s) 3.9.0
iProtector 3.1.1 by LDX for API(s) 3.0.0
BuilderTools 1.2.0-beta2 by CzechPMDevs, VixikCZ for API(s) 3.0.0
MapImageEngine 1.1.3 by FaigerSYS for API(s) 3.0.0
TopMoneyUI 1 by ExecutivAC for API(s) 3.0.0
AntiSpamPro 1.4.1 by awzaw for API(s) 3.0.0
Newspaper 1.0.1 by Johnmacrocraft for API(s) 3.3.0
essentialsTP 1.2.2 by  for API(s) 3.0.0
RolePlay 1.1.1 by awzaw for API(s) 3.0.0
WhatCrates 2.0.0 by SchdowNVIDIA for API(s) 3.0.0
DEVirion 1.2.6 by poggit, SOFe for API(s) 3.0.0
ManyWorlds 2.2.0 by aliuly for API(s) 3.0.0
ReplaySystem 1.3.0 by McpeBooster for API(s) 3.0.0
FormAPI 1.3.0 by jojoe77777 for API(s) 3.2.0
WorldProtect 2.3.8 by aliuly for API(s) 3.0.0
LuckyPot 1 by FreakingDev Fixed By ZulfahmiFjr for API(s) 3.0.0, 4.0.0
DevTools 1.13.2 by PocketMine Team for API(s) 3.0.0
AdvancedKits 5.2.3 by luca28pet for API(s) 3.0.0
Cameraman 1.1.1 by ChalkPE for API(s) 3.0.0
HowToPlay 0.1 by LousWiteMC for API(s) 3.9.0
PureEntitiesX 0.6.3 by milk0417, RevivalPMMP for API(s) 3.9.0
MuaVangUI 1.0.0 by Phuc An, NguyenDongQuy for API(s) 3.0.0, 4.0.0
SETVIP 2.3 by MCPEVN TEAM for API(s) 3.0.0
PiggyCustomEnchants 1.4.6 by DaPigGuy for API(s) 3.2.0
BuyceUIEF 0.4 by UnknownOre for API(s) 3.0.0
MiningRewards 1.5 by David for API(s) 3.0.0
TeaSpoon 1.2.0 by CortexPE for API(s) 3.9.0
DeathNPC 1.0.1 by xXNiceYT for API(s) 3.0.0
BedrockClans 1 by Wertzui123 for API(s) 3.0.0
QuestPMMP 1.1 by Gamchik for API(s) 3.0.0
CustomAlerts 2.1 by EvolSoft for API(s) 3.0.0
EnchantUI 0.4 by UnknownOre for API(s) 3.0.0
LuotKhoe 1.0.0 by NDQ-Zoid for API(s) 3.0.0
VeinMiner 0.1.0 by jasonwynn10 for API(s) 3.0.0
OnlineRank 1 by TungstenVn for API(s) 3.0.0
BlazinFly 1.8.7 by iiFlamiinBlaze for API(s) 3.0.0
VANG 1.0.0 by NguyenDongQuy for API(s) 3.0.0
EconomyAPI 5.7.2 by onebone for API(s) 3.0.0
TradeUI 1 by phuongaz for API(s) 3.0.0
FormAPI-FS 3.5 by Saehing for API(s) 3.0.0, 4.0.0
SlapperRotation 1.2.1 by jojoe77777 for API(s) 3.0.0
PurePerms 1.4.2 by 64FF00 & ProjectInfinity for API(s) 3.0.0
DNP 1.0.0 by NguyenDongQuy for API(s) 3.0.0
Facebook 0.1 by LousWiteMC for API(s) 3.9.0
RedstoneCircuit 1.0.1 by tedo0627 for API(s) 3.6.0
PointAPI 2.0.9 by onebone#editPhuongaz for API(s) 3.0.0
Warning_Interact 1 by NguyenDongQuy for API(s) 3.0.0
PHP-Sell 1.2.7 by Muqsit for API(s) 3.0.0-ALPHA9, 3.0.0-ALPHA10, 3.0.0-ALPHA11, 3.0.0-ALPHA12, 3.0.0
CapeUI 1.0.0 by SuperStulle007 for API(s) 3.0.0
CmdSnooper 1.0.0 by HotshotHD for API(s) 3.1.1
BossSystem 1.1 by sLeeD for API(s) 3.5.9
AutoClearLaggEF 2.0.0 by Potatoe for API(s) 3.0.0
PureChat 1.4.11 by 64FF00 for API(s) 3.0.0
MyPlot 1.5.1 by Wiez, Exxarion, jasonwynn10 for API(s) 3.4.0

----------------------REPORT THE DATA BELOW THIS LINE-----------------------

===BEGIN CRASH DUMP===
eNrtfQlv47a28F8hPMV3k8J2vMRO4iLFyzhOJ+9mcWPPTNurYkBLtK1GElUtcTxF//t3DheJlLNN
xvdePGAKtLEo8uw8myT2r9qcJyHNPt2xJPV5VBt06rXMD1lt0O71++1u9/AQRgKaZqMk4Ult8Fct
W8dwuyav67WQpSld4MiQBgHJOMkjj839iHkkZNmSeyTm7i3LQhhynAlLANdgsGDZxF0yLw9YsrML
cOZ5EJz5gQA0cJz3KVDkOCG9z2AWuzvoO84pS28zHjsOznv30Y8WaRvoa7WPHCcO8oUfpTiJZsur
8bARAtEscZw0cctRx7mkftSMlzGilOjU0r3Kyj1YWIzt4TJYEgATtUGvC1JKqAs//1V70yI4s2Ry
TwLcuxTcj+5YlI3umZtnPNnpHu4OiE1M40ceiZEdPvuDuZklLoarkTu6Rl7G4q+YLeCi4N60H8F/
wxY+MsK8C/wbgaCPEL0JX04FQjZpbfzIxC+m6bLJrpNXktupkisW7YkJO0dHjxC4yUzjRxcMTi57
JSndKily1k633z2o0KHAibUSs7DaN/sb3ESZn633Lvw7sM+dfrfKkERRKl1A6T1KSKdfJUTAdxyJ
oPHjra9J6T9Cykj82Wm3evuP0FLCOHianfZ+9xFyJJLGjynL3jEaAGMez2cBIy0B9/Bp2o429F5l
8xG4R0/T2zvYf4ZemmXUvX3CgOwFpzQEZ2fsvdZjmjvo7D/D0teibj+jb3CMj+j7azF3nsHcPnxO
7B7o8sxPmAQtba/dfQ5sp/UcWH4dIdipD+z5UcYWLCFtCf25nXpw8Axwef2Wpg+C7z0C/l0e0gig
Hz5jDU9D7z9iZu2D/mOiFoifg7ux3wOwgGDvAv+7c7h/+Kjzeh97FEKDBnfYOZQbsn34FMSDw6o7
E3dBCvgHDNPNcnCt61NuEVtC39jvMp/Y6ezv956E7D0CsdN6DGLvoEqrvAPef8ncWwQnhZBaUOtE
OagygWq2+r2exNZ+DFt3g36NLUO65erOY6s7radWjxPuQpbGEwWm+wiY9sHGvtVg0owmmVq+sZHG
4ucl/NzpHDwG4dMnl0dpluRuEa7RKIeQW6YXnHoseTCjyDM/SGXGccEXC5wFQGDH/Gv/4Hfymkyx
ANDrvQ5AkWpKcfTIDvrZhP2Zg+fZUcDbrc7vJF7SZLC3NxzsCRx7Boo9hWFvA4EhzsbluIkw9pTA
d2u//12vsX93Jv76tBiok8s++dEdD+5YCO4HYHkgGTer6bswoiHAmMs9huzs78M4Mf75HanZ7xmj
v+/+gEN9Y+i7aJaJ9GBKFzvfxcpBRTRkXkbBry7kHac2uYU8srYrIRxYEGKXHJOIrYoUV0WcAhwA
kQ5sty4QSiCHFSBi3inNKGy4mCXZ+pJGoBCQqiDwbQDSH/N0x8YyGJyeTE8+jS9Ofh3dfHo7Ov00
vp6cT8+vr+qCpg8gOZ50LWJ+EYQYA79WB37b2VWsHm1QCbRIR34WgGSeoubs4uSnT5OL0WhcJ7B1
mYDYaz0E8QokLgXt5K0WPQjkH/cX/Ou2h2T4zsnbbMamxKmRpkUsrt2R5PbaTwA/CVZ0nX7wUx8c
7M6cBqmiqLO5KKaraMpPMLEVU7rmlGzppwKz8ny78qLcBgBAXZwypNOb0vR2xzSRYcBoIkYFtLrA
W+gAtLF/2GpJ1Nqu/8YLNGf8q2147/vv8bIwyO/J/8Q0oSHZyL3IdyI7w9mHxuyEZXkSkTvue3ir
UPf3e3DZ17qKISb5LpnnkZtBoU+g/JCp12NodslAwPwLoVhKkRkF7Bg5UYhObRjBb9/Uhj/f0QvA
mWQ0chmfV/bZrsBhKqgADbof4pogYN6OssC/vxXf34rvb8X3t+L7W/H9rfj+Vnx/K76/Fd/fiu//
SPFdry0w+aEBlqtYYkLKai0AmmYg1/JxWq3bPGq2cTj3A682aB8cdOo1P/0EdNQGooKBojjhGXc5
QO3224DDx5KZUtpqz2b9+eFB67Azd/fd+b7b6bXdVn/epr2jlnd42J93GMBO6G3gz2BNq9kGe4eR
XBEHrHl8lZKrKbn66d35yYfxhPSbXSKoIUf9Vovs6DnSVghIoUNuOgTrWBf8FwyNPB9rhl1ycnna
38cqfhkD8INmp9nuw+VnFnmCVYkc7n7iKWI/v7qawoC4WEHZX7QHUhSgrOYmWKgZ8jRH67VSkB2A
jrhpDslykmLyP176gR+TCfwJQIeoHxr7eKfbbAEpcM0iCu4AqMPaoV7zWAy04mK4l/J5dmoOhFS0
JmIBNlVQHYcKikRBCR5N7BZsecAPmDyZntxM36PiV2yW+hmygHy+49mJn7wFf8q5yZ49bjIIFDe7
NoMpD/gGV3X421Z/O+pvV/zd/xquEZfjLHlG/WQmyYMwVqFWMT2+nkw/Xt9cnG6wLfQ2BnfluwFL
Db4rN0zG2zbT76PbiK+iIQc5g/N8kP8t8m0TJp3dSzh9m8AMV7TEDDbNUYvHZs/mcnTHgwmQtC2j
NRA7jk3FE5a6zLI4BSe5Wq2aDChC6M3sVmgSDWECVZKpxGLM5m1fqMHg7pYn1OO9bjs8sBg8ej2D
BkiIa5oQ4+eLzDOgcWwpTI9UlFVl6A/+B2cH+M+2+Ekl4pcZnNYThIZlPmu6PNwrKdrTPACDPuyY
TDQMDR6NQZNNdCOVvXdx+su2DBJAOU6J+dV8ApzG5XA82jO4wO2HEYwlUw5Ga+4/c9jWKfiMxoxl
tGOzPPzM3OX48pTd4YIP/r1/O/xtW0JwEXgcQrAHzzKTtGVIG+xRm9IvFYtB9p4FCmRzSeNzUTRG
C9GXL6RTuWHLp12NPmfUh5Rv8utkW9IoAKIxmJRUr1+ylac8vuQRW78/Nxg0Bp+IMLLJ5t+dDLfF
GXUdR2SsL40eJ1AYQuQJMcAZuY8xWvWwFR7o6jNdbY18BAaJDqCHNCeEfNRxbFqeZeiKrWCp7VvL
MZuZVpWZ/+XLKKQuVEoJrYTE7uu5sqE6TkGO8fMVO88Gu1eCwkdzaYolP6T107EhCGu46pVsf7Ql
jZoYHaeC/1ll3vCAYbfBYKEYqjqN/4BdJoAbW8mvjiGSKGDs45JmwwTbBgZrxqBdcLSqWcDEXUKp
dPXh/PT8ZFs8mjAdp6Tl5b7kdPTBT3yryiiGqsbWtxmKoar3MXOaXJ+xrdVPAqjj3AkSHAein/pl
kPVM+XRJo/VHngReaoWvYrBaGVYURQM/D9ZbM0MBDZsU0Xol8L9cOTfCcidryMVDczuZw7aSulVm
Lt2YveVcZPNb4shEj493LGKe5Clb+RkQIraVSRiwesaT8GRshmM98gyDjyTXndfzV0J0HEVE8eMl
WhNWpvJN01OYw7YJdpuH/wkTFOYXSwqqRvhUgWc4w8vcT+Y+Czyji9jQL3tkCWN76kUPi1sQykXu
3q7H3BRIMfREtnWWMHrrRwtIVcmZf8888nZNfsuDOV2G/tkfyQMF/lcV9JqmL3Cg7K5aRxRDlXDX
rYRro/1HpoyG29K3xo/N0LtKjfBCPZeU7RUwMPP07vCBuvdPPzMZtoZNpnuwDyuFQZC7tHMYs69s
XtTGecLGLAkR4dhfLNbDPM14OIrcJaSiOKq3bCkYk85X5wMFA3sW2yCdIUgjoeDoDdGUY8/kPsMl
DW7Ho60VjwjOcVyN3nFMSp7lGVgWEJoxkw3J1ZRXkrpyzG5EVrsCPE8/AuDL4baaHyVE7DGWRDy7
VdFkxCNBn6W/mF14a9zmpl+139APblv77YMahuc7/44G48vL8bZ4SyTIOAyhHoyBLqbochyTyi/e
zwapeza7mC/l9AONFlYxXI5Vy69WtY+eu+QkqpOrRb5m0SmPFj/n6237ZfmcBfasJOvl7nkymn44
N8spNVAJwJWkaTgefbgi09HJ5bb2owSJD9WyD378Imt9wKkZNvugy7Or/kq+fkph0U8V3XxFnqTh
gWluEvMFvfB87bL356MzqxOnx+zduP9gt/862Vr5UULEJpsg4uWcQLgEK71hK5rYpYc1/mRn/5Te
+d62mPEQGFQeAn0i0b/8IRRkJJPYfv5UDG00RyuxjCcZu68Es6/wihrelyStek3zfv1Z5mnqnWEz
TyteI36yw3T/y5Xvsl+n28vPzNfxXrRHmJdARjYMaGQ1rM3hJ7LojyzJPud+u9PdFgslRNgnBhWv
zqpKgHsWV8D8zzlLMxFkS87LsUpaZTP+Ew3dpX+7La5PAnb/NsGXGgV+x/kT/6Qv0aD0jgAgsdy4
NWzHpPa/95mfiRmSQ5uO1z31U77fyiPKsf+iJy+IePmOu8h59s8lZ1a9qoaeyYiuTn9u/Ma358Z1
7qPxl79ewsgH5kdYx5m99XKskrpvNFdoyqPVOorarW1xY4B0nIKQlyvmOsLvRW5odGswZAw+4Qan
OcgxY9GHaFvMSIifeBQkgPsL/HlAP/vRWWDWU+WYbV+HzQObDd8/C2jo+xGu2Np+saGCV9fkGD9f
ZG8nVz+ZpoaXz22YJyuHr9w1SID870uoH7k84uHa7kQag3Zz46Da0OERm8G/2+JBgXMcJikAmODM
TGqef9KZQLZnP+ZUI09slHiZgzLo5+29FCXhOY5C/vKdopo4jbPJZmsYB+13EirZ9ISy5UPvdn1l
MQro0wsaQWqtEBh94hnnX/IyyQ3PaGY/fqneqeba7Rf1v7/moZJNwMt1Vbbk7N6KbtPZ1Wll6/T3
z85aLfL/yDjh+C7peTSHuiXbmj/4JBHIPoqgyPj5okbvlZmA4tV/060BfvGfF+0h6oIf4WbALIb+
i707TcMVy1Y8UdHzhW7thnmQsEZs6Cdu7mfWwzH7zjO1XcY83up37M3T/5oGnkT/klJV7BnuR5kd
boqh6gPloweDzRvm+dl4yx7b4wlVHyW8OvR8pAk2Hj6d43vA1H4WVr31RDD6t26jj5qCL/By78aN
CQus17j1UNVXVzK3y/xPAFTloXFyMX53ciTeSS0u263Kdbty3dHXr3bzQPA7EcVeyvmQxnYqoQae
8YOTHKLJJMuDgLVaW4tSJ0me0Q+X+Fwj/qKMYhh6k4hz+20jY/AZbt7xLF3y7N2pxQh2Hl77pCb0
UokaeDHJeL6K4Gm68XKAMfhkayS9YMzmoQcO5rUvEAPSzc7iE2+w5RkX30Bf0MXC6vxW7zzzUs0Y
kxS+tYTbwv7qXpYiCnJdP/p1umcB1XnScGm9HF0Mbby5134oTfoifo0cbPMxKgRhTPJS+abeL+zO
hwg9HjX0eO2RDAqJLX+9RkhIlHpxoACDTfT1OLBeE1AD1Xesqy1On32GkdH9PVUvCT3Wu9j/4kfN
VthTT8bxRVHEV7wcNx7VjLepjAc/gnywJc3GkwkBfuSCH/AziEqVVwT0J0WwotGQ1DdolPpCqeLz
m2Ysj47AB4SD2ptxcUWGHLLpBcHDOZzEid7g10qN1mGjfUBaR4NOb9A7xPGARoucLtgxg5oGrkOe
ecdOztqtNrEOZvBk/FSf/Vi3ZqQhf6hhRvTbf+SSe0zdIxIqIpG0N2KeZMfto3a3g4OrJUikEfhp
dszncxyhUcTzyMW3TcSXjNRd+kyeEZLqOeIzm4Z6wwXUcNzuCzbovVqVHktGFyDhEKg5buHVnCcA
txhTwEDUnsuT4jq+i4+hGoJfnj+f+24eZOtjwYH8rgs/vE9ZlqFgjoU0xfeLaMXHQ/yusxhKGfOM
GXgSy/Hp6Ozk/cUUR5Vu/8xZslYY1VAChqhG8GczpmkKqbN3/L34B4QErqaR0jumZt35bNXwfHl0
wnFbiPZ+xu8buHOOxRdkOITfXRWv8zTXYYDmQ9D7EVdYTp6IUlAYEAFxEcsshUmR6ZKljGgJEJow
ki0ZgY2Swg+aERdVmJEZI37kBrnHPPhBNkxXQpvwENbOEUQVakrnrE443ElSBEpm+JIQWfM8UdCI
PyegSn/uCxygRTxBJlhL0FdsVQDc89icgiZTsuLRPzKClS9NCMoxBJbxtAA8e4LgKR2S+9WSRSSP
Fwn1AEATQUorlgAHeEHIm49LhgTiQTrgITyCh+rIDwxBGgns24BC6SFvC5IDDsiAZfjFMiE5fPXR
ZWQJOVogZBlK2NJc9V4dkEKNhKTLPPM47AF1nM+AODX1aZ4b8JR5Tk3RdxIEfEVwgwFJRL3BRe58
Sn5Gu5OzhAnq17sG4hAXtXyyhNUUrSOF3U0UOikcqsCRPAXVg2MF4QtmwYGqs4RSCaa81wASZ0Cg
hWQkrF5DAzEQ3I8ETAU0gWTP1kTpT65Q26SYYMnmzUcfdMAjUCj1PJKwVOodScZvbYE0mkIgQo9C
QNszhhICfbA/cypORFr4dzD3jgY5IzsKMem0diV8iRU2KUNX1gBd40evA5ig8F/l4QwUAUZ9kq4j
F49/IVj4ghk31ZT3oCKxvzTPOHGZQPjJwWxgQVon4i0+onwObMo6SCUEOaYYHIWUIKDgWJhHYMA4
RYOfCMsC3sDME37vg4kzEAewJjZPVBCIci6IOp/jdsFZuC3qxM/+gSdEJWKhx9DXCnutLCc7wAeY
AOkoAQlmGorjgQC2uVmosMskj7A+xC0AWoiFSsQXMGmT4KuA8jcJ/cUS/EpC02Xd9ALKYlEySZLH
mRyVgkMBhUBfwZ1QNpghCAw2qtyTFA+vAeIfpgFtBu0Qkl48S6hpGR9Mb8hphvWJKATRJVlr//BT
wGdgVZhpEHkHNmPoZ+hsQrags3UGGiATKfiWELWfIgYFYIp6XPlCE8LSwIOsGhKUNr5UcDv3gVhw
k+KECAQ0TxjTSKX5g/ZysYEXHBTH0V+gnUhUC0FqQ5A3IC3ND9AgIkS2BMF7/yc4wZTsOT4w7H8t
H2nGY0GK8u0FaQpgSsDRYPAGh1wShpg1de1WZ98gUDiMj2LnKDrTf2yFUrF3BGnoXYibQ6SMIFIS
eYIQ2j+XpMt9i5G1mM3uXchk0pIz7eiup6MBmb47n5CL88vzKTj+8cX5aELGoxsCxcE/Rzd1ApPI
9BpmjcjHd9cXIzK+uR6OJpPmprOwJNPp9Q3BQFnjc5FHoAtPkVVxxoOWS+Gm26ALiFae8kViUgO/
ldAOWgGETBm4BgcPtobcP2aK0gQhTcWYHeE0hVLBl2DAbZeBQEc2hekaIxEmKmJZc3MF2omqUkCZ
MXMxn5HSRsKltuXaghswPRanJdvdluI73X2MMCWFriGFBU1msIcaLg8CmUkrt/WwxMW2RLLUOqLW
gf8PaSSOBbEogiwzBwvdreu4smmi2khluJ7PAZrkPCy3apNcy6ghNwQkPzwPvIIaH0LRKiIlD6kG
HQsWgOV+q2VwDTjPhIPZCLrCrCScgsd5wkMdvvV6NadhGm9V78iZ0u8DdkMeMLgNy5nobBiVmXBx
0oA2eC8PY5ky6uyUqFsNvFXq8RQnqkWCF0G05giuII0AB0EfEDskBBBQAcsdGGGa5gydSbYEbS50
Mo0OD/GVlNW1gmUGovLlpqYHJz8pNyzi3GUe3aYlD0Ma47gf5iFEcAjeCdHFDiqZyKJPUlNKGveV
Eq3YWZs2CFVFXFAmkDYw3c8hpO9bmjzl8nbV8uUheRqLnq43nISoplb5FFlKw4XylhmcngJhIjOC
1BVlCrTKdEbCiimWY0SukvyWvMKyQsqSP00BTjczbhQpNqo07OfAPWer+G8kn+4MitADqeGSBzLN
ndHMXYoCRDAAGRuYmQpfwj/K8k/dlSFrxoqEV4fPN6YO9U100ck6Q/B10mgb6lWqFcgbmSaoCC0i
CpQZtSjSMZH1pCSwnBPFBy6HQUVck7yDbBSs7Vikl2Q4fl+HtUDHDHbjyvdgg4jMRPvhAkNDYBiQ
g7IIKCuEVMjJmN0kJx44uyUN5ntQW8vSxcNzJhU6QEywx4QGaGxbM6wa4OwSaXSPvhFTXRrUpfNF
9OqUlyYBz8WEN8S8/v04GuuqoCyWsfjBRfi2qYSax1HcUCMbRdml2r6p/5kVyscaQusc+2s6j4Ma
Q1qTEdf3jzpy0W6TjNWagCYLsYCqyl0ZjsI5T+gCeQTlAXNpHIjUCUvxEFhAv0ETVOgw8LG7JHoM
eEgQSzNyOX0vaE2BLWR+lmcEuxpC5yVCWQs1S9cVZnkD1w0ExXpzeGyWLwZlnfUjaWN9pbJIrLHF
DF1fp7IVwXTdLRcq82lroNLraajDJYe6Gk1Xl1hMl9XCOXo0oySld6Uzxv6R7rLhXdND4Ffe4D0Y
zUrfBHTLs4h0Ei8KQzAwkSKlMeSIImWKuIsn7ojVIN1LugbJoiGF/E5X3RhMCs8rPF5D35VoU9vD
6Iaa3XyZiu6JNBD5/yiRHSgxW1lDnqp2hQu7I9OeRK1qyFUDEkMCc+cHGp30m8oDFNgwCNBoUaT7
ES4OqhGprmdZTbkHW2C6Nj0JeY7WP5duXm0GFK7sZooghw5AdSBAYXilohQAuBFRywAgxBAxWeXO
mAQ4Y3O0XtE9FcFlqa1DGYRoq25EQCkMRGgIA/YzoVWyY3mMGWBlEFIeprj1GMk0AWie6CoJgwXC
SwD4q6Csq/YDdgUauTzhzfI2LgY3gVC0lq1m0/mpQDrDc5ZTsaVRzixBS4B8GxxgSBSvpOio6Hgq
VlVEATAbpEPekAXUWKkttLJ7Y8ituSk4td1X1BelGLggqEyk5mIe50FpuOoSw4mYpZzNocYrkvVG
XPgFdNq40QfETIJF/1g2sAZFaMW+mygT5Q0ZkZRKffmgQHc/PFOkuE0aeD73xmCxX6s34iVkjHNu
KQ02akM+PzJmLzmqT5DVxI+lmj4veIh4tA6xwEnxBaYUOE9NZrB+UzNIOUMwJXwhXSwSKKJla63o
ZGJyhwcH325yLGgFN3B9eo2HyalnMyrwoIdZMZkrU3EkN+JMBQMmK2K0aXThIdJZWpH2rNX3gLhB
83JOYX8QcKOGChV2mifucFukkE1HaFhGv6sOLjhe0jrBo29ErMyM/Ak8/JwlkEM30LFFGIPk/TKe
yQ4atXpo6jGeEedyyBwhtAr3qP2PAqlsQ87QeB6wBMl51RQyPzTDggqFCB5X6TwGNY8+GVGLRqFa
plvETRORulfFpKX8XNBVEULagNxPRo9Ft9MzPyukrLspSzUsnBAWNSoXVi4IG9pQhHgiBfTnBSio
MoAl+eAEnZpuKGj3CRCVBzbDKg18mhb1B6SFNIyD8hozE6BXaXKgVarvgq1jB2xA/iVSCQjjddES
+12Dl+cgGNHafMQjGMOEL/E91VbQz9dEv+ChgCnyC5EupCL3FWUn6M4HqlXUt1nRuAUl+oLggzkM
RTp8lpgH5OziZDro/HBQ7x3dt+vd+26980P7B4+5XDryHfz63UX/fXzYkj5fXu33dsvMTD5Jset4
6SkwrIEGVFtO5EWirwZadddEHr+ZJ9r763IkKR6PCN8FcCBKuuKpV6rF19BPcMBWdEr65kw4LYFM
rLDA5CJxUf8zBmOkIfLBptlF5LEodtk9uNFU1XTurfjUTFQtIJuZH+AJ7qJFIOYhz+I890BGLL3D
JK8CB+RHiREFavUau89YlIpXEgZ/4RdhzDxFcuZCurY0R/BpWuTRxBrj4SePZ+BarVH1v8IoB/Ik
MK/RtZjXcz8QB/eVI4vQOtNyCWFJvj0EFz5sxTvz7h+peomhL+6HM/lc0JyCuSHQ7pljsWuzfMPm
qtVgrRQRJLWHID0KzZHJ+MK8DNfpn4E4hVP9Ij18UbKDzzJIAw/17LX2Wwfw87tzbJv1jtoepV6n
47HWYa+z3znqsfbMax10wZDYfN5us37v4Ih8B7AzfssiSEUsca2peMSM7/Pgd0Cf/Vi+odSTl/I8
0mI2XN6HtkI4stNptbrtdgdfnAM/EKWpNaeyJFZdQnXUaBuPUK3XxkthIEhIx3oI/kkkYOIIW+PL
GH8x8yOarNUSPLRDQMRX/fBCeBpPHqYqX9R2k3WccTHQFQMLb0PyvqUsuM5Y1xxKGBgkWv4ilyYh
yfn77/8PmV/2pg==
===END CRASH DUMP===
