PocketMine-MP Crash Dump Sun Aug 18 18:42:38 WIB 2019

Error: Undefined index: name
File: plugins/ScoreHud_v5.1.1/src/JackMD/ScoreHud/addon/AddonDescription
Line: 66
Type: ErrorException

THIS CRASH WAS CAUSED BY A PLUGIN
BAD PLUGIN: ScoreHud v5.1.1

Code:
[57] 		$this->loadMap(!is_array($yamlString) ? yaml_parse($yamlString) : $yamlString);
[58] 	}
[59] 
[60] 	/**
[61] 	 * @param array $addon
[62] 	 */
[63] 	private function loadMap(array $addon){
[64] 		$this->map = $addon;
[65] 
[66] 		$this->name = $addon["name"];
[67] 
[68] 		if(preg_match('/^[A-Za-z0-9 _.-]+$/', $this->name) === 0){
[69] 			throw new AddonException("Invalid AddonDescription name.");
[70] 		}
[71] 
[72] 		$this->name = str_replace(" ", "_", $this->name);
[73] 		$this->version = $addon["version"] ?? "0.0.0";
[74] 		$this->main = $addon["main"];
[75] 
[76] 		if(isset($addon["api"])){

Backtrace:
#0 plugins/ScoreHud_v5.1.1/src/JackMD/ScoreHud/addon/AddonDescription(66): pocketmine\utils\Utils::errorExceptionHandler(integer 8, string[21] Undefined index: name, string[117] C:\Users\maxthedev76\Desktop\FileHWings1882019\plugins\ScoreHud_v5.1.1\src\JackM, integer 66, array[1])
#1 plugins/ScoreHud_v5.1.1/src/JackMD/ScoreHud/addon/AddonDescription(57): JackMD\ScoreHud\addon\AddonDescription->loadMap(array[0])
#2 plugins/ScoreHud_v5.1.1/src/JackMD/ScoreHud/addon/AddonManager(95): JackMD\ScoreHud\addon\AddonDescription->__construct(array[0])
#3 plugins/ScoreHud_v5.1.1/src/JackMD/ScoreHud/addon/AddonManager(138): JackMD\ScoreHud\addon\AddonManager->getAddonDescription(string[87] C:\Users\maxthedev76\Desktop\FileHWings1882019\plugin_data\ScoreHud\addons\DNPAd)
#4 plugins/ScoreHud_v5.1.1/src/JackMD/ScoreHud/addon/AddonManager(61): JackMD\ScoreHud\addon\AddonManager->loadAddons()
#5 src/pocketmine/scheduler/ClosureTask(57): JackMD\ScoreHud\addon\AddonManager->JackMD\ScoreHud\addon\{closure}(integer 1)
#6 src/pocketmine/scheduler/TaskHandler(159): pocketmine\scheduler\ClosureTask->onRun(integer 1)
#7 src/pocketmine/scheduler/TaskScheduler(199): pocketmine\scheduler\TaskHandler->run(integer 1)
#8 src/pocketmine/plugin/PluginManager(689): pocketmine\scheduler\TaskScheduler->mainThreadHeartbeat(integer 1)
#9 src/pocketmine/Server(2569): pocketmine\plugin\PluginManager->tickSchedulers(integer 1)
#10 src/pocketmine/Server(2345): pocketmine\Server->tick()
#11 src/pocketmine/Server(2205): pocketmine\Server->tickProcessor()
#12 src/pocketmine/Server(1784): pocketmine\Server->start()
#13 src/pocketmine/PocketMine(274): pocketmine\Server->__construct(object BaseClassLoader, object pocketmine\utils\MainLogger, string[47] C:\Users\maxthedev76\Desktop\FileHWings1882019\, string[55] C:\Users\maxthedev76\Desktop\FileHWings1882019\plugins\)
#14 (1): require(string[102] phar://C:/Users/maxthedev76/Desktop/FileHWings1882019/PocketMine-MP.phar/src/poc)

PocketMine-MP version: 3.9.1 [Protocol 361]
Git commit: aaa01bb6f87082fc4cf4c251c06f1a590d886f2e
uname -a: Windows NT NGHIAVPS 6.3 build 9600 (Windows Server 2012 R2 Datacenter Edition) AMD64
PHP Version: 7.2.16
Zend version: 3.2.0
OS : WINNT, win

Loaded plugins:
DEVirion 1.2.6 by poggit, SOFe for API(s) 3.0.0
WhatCrates 2.0.0 by SchdowNVIDIA for API(s) 3.0.0
FormAPI 1.3.0 by jojoe77777 for API(s) 3.2.0
Newspaper 1.0.1 by Johnmacrocraft for API(s) 3.3.0
MapImageEngine 1.1.3 by FaigerSYS for API(s) 3.0.0
AlwaysSpawn 2.2.4 by Philip Shilling for API(s) 3.0.0
DevTools 1.13.2 by PocketMine Team for API(s) 3.0.0
SpawnParticles 1 by UnknownCoderPro for API(s) 3.0.0, 3.2.0, 3.3.0, 4.0.0
LuckyPot 1 by FreakingDev Fixed By ZulfahmiFjr for API(s) 3.0.0, 4.0.0
StairSeat 1.4.0 by korado531m7 for API(s) 3.9.0
ManyWorlds 2.2.0 by aliuly for API(s) 3.0.0
WorldProtect 2.3.8 by aliuly for API(s) 3.0.0
TopMoneyUI 1 by ExecutivAC for API(s) 3.0.0
Slapper 1.5.0 by jojoe77777 for API(s) 3.9.0
essentialsTP 1.2.2 by  for API(s) 3.0.0
ReplaySystem 1.3.0 by McpeBooster for API(s) 3.0.0
iProtector 3.1.1 by LDX for API(s) 3.0.0
HotAirBalloon 0.0.3 by solo for API(s) 3.0.0, 3.1.0, 3.2.0, 3.3.0, 4.0.0
BuilderTools 1.2.0-beta1 by CzechPMDevs, VixikCZ for API(s) 3.0.0
Broadcaster 1.5 by EvolSoft for API(s) 3.0.0
RolePlay 1.1.1 by awzaw for API(s) 3.0.0
AntiSpamPro 1.4.1 by awzaw for API(s) 3.0.0
AdvancedKits 5.2.3 by luca28pet for API(s) 3.0.0
PHP-Sell 1.2.7 by Muqsit for API(s) 3.0.0-ALPHA9, 3.0.0-ALPHA10, 3.0.0-ALPHA11, 3.0.0-ALPHA12, 3.0.0
BlazinFly 1.8.7 by iiFlamiinBlaze for API(s) 3.0.0
PointAPI 2.0.9 by onebone#editPhuongaz for API(s) 3.0.0
BossSystem 1.1 by sLeeD for API(s) 3.5.9
AutoClearLaggEF 2.0.0 by Potatoe for API(s) 3.0.0
BuyceUIEF 0.4 by UnknownOre for API(s) 3.0.0
OnlineRank 1 by TungstenVn for API(s) 3.0.0
EnchantUI 0.4 by UnknownOre for API(s) 3.0.0
PurePerms 1.4.2 by 64FF00 & ProjectInfinity for API(s) 3.0.0
SlapperRotation 1.2.1 by jojoe77777 for API(s) 3.0.0
RedstoneCircuit 1.0.1 by tedo0627 for API(s) 3.6.0
SETVIP 2.3 by MCPEVN TEAM for API(s) 3.0.0
MiningRewards 1.5 by David for API(s) 3.0.0
HowToPlay 0.1 by LousWiteMC for API(s) 3.9.0
Cameraman 1.1.1 by ChalkPE for API(s) 3.0.0
TeaSpoon 1.2.0 by CortexPE for API(s) 3.9.0
Warning_Interact 1 by NguyenDongQuy for API(s) 3.0.0
DNP 1.0.0 by NguyenDongQuy for API(s) 3.0.0
EconomyAPI 5.7.2 by onebone for API(s) 3.0.0
Facebook 0.1 by LousWiteMC for API(s) 3.9.0
CapeUI 1.0.0 by SuperStulle007 for API(s) 3.0.0
CustomAlerts 2.1 by EvolSoft for API(s) 3.0.0
CmdSnooper 1.0.0 by HotshotHD for API(s) 3.1.1
LuotKhoe 1.0.0 by NDQ-Zoid for API(s) 3.0.0
MuaVangUI 1.0.0 by Phuc An, NguyenDongQuy for API(s) 3.0.0, 4.0.0
ScoreHud 5.1.1 by JackMD for API(s) 3.0.0
VANG 1.0.0 by NguyenDongQuy for API(s) 3.0.0
TradeUI 1 by phuongaz for API(s) 3.0.0
BedrockClans 1 by Wertzui123 for API(s) 3.0.0
FormAPI-FS 3.5 by Saehing for API(s) 3.0.0, 4.0.0
QuestPMMP 1.1 by Gamchik for API(s) 3.0.0
PiggyCustomEnchants 1.4.6 by DaPigGuy for API(s) 3.2.0
VeinMiner 0.1.0 by jasonwynn10 for API(s) 3.0.0
PureEntitiesX 0.6.3 by milk0417, RevivalPMMP for API(s) 3.9.0
MyPlot 1.5.1 by Wiez, Exxarion, jasonwynn10 for API(s) 3.4.0
PureChat 1.4.11 by 64FF00 for API(s) 3.0.0

----------------------REPORT THE DATA BELOW THIS LINE-----------------------

===BEGIN CRASH DUMP===
eNrtPAtz2zaafwWndK5OT5RE2ZJtddw9x4/Gu3aiRk6yt2XOA5GQxJokWD4sK53+9/s+PEiAdmzF
1u7OzaSd1iIIfG98L5D8ozXjWUyLqxuW5SFPWqN+u1WEMWuN3MFw6Pb3BoO9diuieXGSZTxrjf5o
FasUbrfE9cmtz9ICF7ZbMctzOsdb75OAzcKEBSSEX7cjklCA2G7Nyig6DSOccjTyvPc5IPW8mN4W
Cxawm92h5x2z/LrgqefhvNcfw2Seu3t7/Z6773lpVM7DBFZMfJ6x12VwdTPouB3X8/LM97y/Uv/6
4ri+63k0CHjieYf4BwD7WSho7aSLFKmRlCio3QbQLsDsSpDVra4A2G3CA1gRcNsaDYcgvIz68PPX
1oseeT7oreHw5Yik3L9mRQw4PK8swghE8B7/jEbMUsJrmgQRy7bCpGBzlpG9NsmLDGT4a9/9RO7V
SjXDdXc/kX+WVtpEkwQiIjTL6OpX99NLENwLdxNSGuyClNbWv/NTxGlwQdMtSUlPUtJ/KiUXNAG7
z7b2B19HxdWVzxMQf+kXNiXbz6XE3d57lBQ11/lpzoo7AlVGsfcsm7gKaEHvoAc4x2/Gh4HgdOe5
nA7d9RlFrYuRfEsgHxBEUm+ubu4DdyXsoO5RxPMyY5c0v17HuCoUX5z2hy8h/lltTlfQMPwyDYhc
72h3sN/wA9U8zzOIdX7iybsyaSDZfRjJRF9tufsPoDHocX7K7iDZayKRmu2OxZ9KX3uPYKiIcX6K
aZhcLjJGg9eMZsWU0aKBc7+Jc8IyiGRb/cGwiUZS43kWOc5PRejXKPMGeLf3JfjbO4MGfHlHApTm
5bpfWt3vPbR6nHEfQinPFJj+F8C4u3s7XwCTFyAvtXy7uXwsfl7Az63+7pcgmL6JT39jfkFe0Zwd
QSaQn8M+YlmbqPF7otMFaO6cz+c4S7mSnSe6kgrAYPDM+CTFsUO20GVk7PcyzJh2dG6v/4mkC5qN
ut2jUVfg6BoougpD9w4CQ5zOxbiDMLpK4C9bn/5st9gG8qZ/QqYClCkvHSY3PLphMUsKQBKAVPyi
pe/CiIYJYz4PGLIy2IVxr/CK74pFmNfx9D/C/EpEsq3vVjSOJkK4L8lfCF5dpTTLmX1nRMzLHwHF
YE+A/hN/7sNP+DvsiaHuDz/ghSsuyA/kvwEejWU2Qb4TDOP9vrrfxYttcZFm4Q0tGJmViY9iIFb8
V2tf/oELdmzGYpqSAzUBqRsOFElDex4qqpr4q9fCa6/1SSzZVUv21JJwtpVmbH4Fabe/2Pq++7+/
Hjr/oM7nnrNPrjrOp//6rvt9mxiAX5KDgwPSkwTuKyheUSwyviQJWxKh5sqktrzWWXJDozAgTf0L
g+p4LSHp3Z4ChbLedSWVu/17GYNtcpWxNILcFsATr9WG/67wj0mngLptA1CFhSkcNQTyIX/5C8Dp
deBfryVW35F/aC3FayXXXaWK3WEt1zDPWbFVzaZpCJNfguD+/JaYf0vMvyXm3xLzb4n5t8T8W2L+
LTFvt+YsYRmNMJ0VafaoZS0AmqYg17ox2tru7HdcHC7DKGiN3N3dfrsFCS/Q0RrNaJQzSJozXnCf
A9TtoQs4QkypKaU9dzodzvZ2e3v9mb/jz3b8/sD1e8OZSwf7vWBvbzjrY6af0esonMKaXsftd3ow
UirigLWAL3Py5pK8+fn12eGH8YQMO9tEUEP2h70e2dJzpK0QkEKfvOuTY/D2PmT3MHQShBhGXpLD
i2PIdYHgRQrAdzv9jjuEy88sCQSrEjncveI5Yj978+YSBsTFEsqCqnzIUYDHJx/CTEipEmY11G7V
InQBLqKhZbHgWY7ZWArWGGK9MXl7ylAvkLTh+DYmhXjNEjqNGFAFNg8SDlgKNOJSuJfzWXFsDqBn
wkpJAPW8G0GC54GK1C+DLIw6WN5cHr67fI/6XrJpHhZIPLL3cUGLowzKhtzgyhg0+eoLYi2+wHeB
Lt58ODs+O9wUWyZMz6tpkfu6Zmn8dnL58e278+M7TJ3yLD4cnxkc6RFbTdtNdn7jv3G2i/9YzPSf
zkwNEbyDJKL6sQ4rb9gyT2nKMoOZesxmpyc2rsHOX/kiiakPDj2js8JiafvpLNlQPa8ix/j5GGuL
okhzcHZgv4ty2vF53LXBdmtQIAVIls9iiJgnyVwU9pUoGjdseYCCbXmc0hBiwuR/Jpsy1Qog2qZJ
SfN6HVUfRku6yicpXZoexhy1N2O/s2OzN16EUZiSCfyJIERszM0IsLmCCimloChHijxPBuPH/cwx
u7nkPDK9TDXU0BrstwZfVcQil4zGm+JL48f4XVHyABv32GxNWbeCAcwKbY0hBwr9yHKsjRsW4zbP
75PrhC+TIw7ShYzsDs/tKnptKze28yyfaxG2vqc9L/3r1ZgXBo/V0APcnUJWfQ3GBEIjp+EtC8ir
FflHGc3oIg5Pf8vuYfdZ7Gma1mdsUtAwm0DKb2qvGrMtdqcZRq55RgM+2HZjO47sP50DAyRkyZoQ
4+c6TEHZsfrIsyjILRdaDTb9S4MtGoVltNrU9pPQMJNOVkuBf33tCHphWxTYxDXyFnPYZma7s/ev
YEYwkkoKmuys6VMuoDCYhSwKjKLJ0W2KImMMCoMcstyuxS0I5ZKnFzxhq/dm4mMMPrAfT26ZD7XT
zeHRxgTie54oidbecBFN7TRHj9ibbbBmzvaMvZZLxOvRfo8Ga4q6mgc8IclzqE5CqKAuxwaX1nCz
irAD4YZUY2L0vAb+R/X0Dvvjq8kKTDA22LCGH8myL/yUveIcjXhT5mai97wGMQ/yVCzDAgiRW88g
DFgN1ebiplUagyab29g1tNk8P/77ptgDUJ5XY36yZQIc5+JofNI1uABGX/PiMMxe0SjiVnVrj5vs
4mFGI7nOeXR/muJuPl1BXJ634Bj8ppI8z2tS+6gpv8KmAsuaeak13NyRPWfKCtrQ9NFn5i/GF5DN
4IIP4W14ffSPTeneR+BpDMU9BMippK2QeWuD0q+1BoPsrgUKZZMBMF8EGlM0xmjDLTcCyg2PJrxR
cz5DCAZiYNuiYo3oulwuOwwoQuid4lq4MR6xMTgJ04XpoWYV2dA2XX6my43FSQTmeRngRp/15J0t
icIqEpw5ZPMxFg1GFWmMNpPXfwF7FNBDwRhDZuR5Ni2Pl8XBDU18FvwtLMxdag2bLA1glzZcU1T6
tL+XsmeaY2tcZmzMshgRjsP5fHVU5gWPTxJ/ARziqO7s1BIw6XyydisGuhbbIJ3x67EzYZHV4NVD
Td+12wjD5e+AsSkS5/B8/PpwX3jq6tLtNa7dxnVfXz+5AAWC8XRn/YTxVUQ/h8lpZG7heszmfa/J
exieRjQOwwRXbKwha0MFR6XJMX6uw9qYh0lhNzCroWZDdt9mDHL9Kfz3ggVhMV6UPJnTz5tiL4Aa
VJ6zMJ8nPF7hkwfeify9Zj/zFc/zO8mjMdjwvY0U45yxY4ubAfD/1JACSO/2rx7wQ2XBjyJGs3M6
n5+cmq6oceeRnvkY0paCb8zoLOxP9jCKqMsMlv/PZdcCKnOllc/en1l812N2arhzbyvrbbYxlmuI
mAMJItb3G28TfDjsHU2uDVaMwQfK5MsymYOVJh+STXEiIV7xJMoA9/pMqJBjlfr12L9RHRUR6/NS
R1XD3RmR1s5WGr3h4c7paa9H/pNANoHHwWfJLEzCYmONnSuJwPMqioyfX9HXeIf7yz47bN5phmt3
rT7Hc2KuTcD6GnvHAsh7EnYUZn4ZFlYbwL7zyAFVwQLeG/ZtjoZP5yhT6NdpvQnlnFx+ODO7MWqg
0Tts5E1QQH94Qy5PDi82pQkJEh9/KD6E6VqtXLDyZP6OLWlmd3Ot8QdrtGN6EwYbyw0QmOfFAn0m
0a9/OvSaLy95oxyrx2x31uyy8DL/CJAujjbV/qshYk+hJuJRnRwB4ZAhUXOT12OPVJVHCxpdj082
1jVAcJ7na/SeZ1LyaHYAyYGA0EmZaC0zOknt3lA1dKdD0uCLZwW7bTD2DO1oeF/TXddrOrerz+L4
gGZopldn+LQItY8QmrceSAfezMsVS44hx/6l3FjAkU/3eN5HTcH6bvn4jenK8Krpfnv/QgYAv/jf
WulMXUMY+YxZWJj1/W4zCVBFz6Y4UOCeU+acUh9gcDPFrIb+je5M0/CGFUueqXxzTZaOaMqsfFMN
PGJjkxJSjElRRhHr9TaWuhxmZUE/XKBXS78q+5cdm8OIZVY3yRq2o7/7z+1smpiBHZuOp/U2j+Jg
knBun6YZg49o7DUv8gUvXtuVNgasp8aiOMglamDQJGONxwt48bcFZ9bjBWroMd92/IvzD765BEe7
NY2//rVWulbSDzSZW/unHnuElfGi9Mlh0iYP++tnnqloBhVZX3Fyq9+cMtLo+mUq03HfSXrk8+qb
UtHdp98NOh5l48Phm58NFsTlvzN+IgHy/+tQf5lBpm2f/KuRBxKYdMMNQg3P8xTyr+jmsiDj/vVR
RBPrLM4cfoCTj+AwP5eh29/eFC81RM8zqXhyh60G2LW4qp9XdU4ndx9ZxUH7oLlRxk0oW9z3tN8z
3QGgz89FQ14hMJ5fhRRireeNfilZXowvLsy0tB57sNX7M439RXi9sXwhYrevMnwBQ+D3vN/xz1oN
nPsOeoxG1b3HQHbLatisu2HRzw2H8YxHjDU8z7uHmPV34AcWJvgko5k01GONpPXOQzg058lylSRu
b1MqM0CCG9SEfF1b8SQpwiJk+d8brcV63OZr2Oz1xGF03dtx8fToHbsJb2gkTHdDqXkmQaZxnHpe
CnQxRZfsMWoqv/oRMoPUrs0upiKrcWQ9sKkGmo9ZNT1syD7DyMntLVVvFnxJ5ztffa5q1VbqmVp8
aA3xVY8njU/gsnqxweidCfLBLjQbj/SaUCBHC+vBzmroztG4e1+3+ass3Ghl32Uc6jHsvObyKPzv
oDYo1sYnjh5vfaERjcTWv55y3INEqWcKKzB/4usu+LY5K1jzyWv9chEAdhzJrAPRKxRMiRdxOmmG
ab0w2FHrxbi6Ikc8mYVzgu/3e5mXvMD3lpzenuPukt7+qD8YDfZwHKLhvKRzdsAg2MB1zIvgwCuZ
23OJV/Z6dDeSfwKZIqkXgKxbU+LIH2qYEf1UB7ngAVP3iISKSCTtTsqz4sDdd7f7OLhcgOCcKMyL
Az6b4QhNEl4mPj6ISVcwn0JwYvJrArmeI56Id9TDn6C9A3co2KC3alV+IBmdg4RjoOagh1czngHc
akwBA1EHmLzq6/QmPeAJ/grC2Sz0y6hYHQgO5BteBc+cnBUFCuZASBPIixw08IOjsFjVQzljgTED
v9dwcHxyevj+/BJHlW4hPmYrhVENZbBL1Qj+7KQ0z5c8Cw5+EP+AkMqCOzm9YWrWTciWTgBSxCcW
Dlwh2tspv3VwRx2Id8lwCN/Aqp507aziCM2HoJsnvrCcMhPnE8KACIiLWGYpTIpcLljOiJYAoRkj
xYIR8CI5/KAF8VGFBZkyEiZ+VAbiPXRyx3QltAmPYe0MQTSh5nTG2oTDnSxHoGSKz7KTFS8zBY2E
MwKqDGehwAFaxG9NRCsJ+g1bVgC7AZtR0GROljz5viB4HEMzgnKMgWWfRtEKqcSvBEjulwuWkDKd
Q3oNADoIUlqxBDjCC0JefFwwJJAUHHAlAQFA6j1GkEYG+zaiBRAnbguSIw7IgGX4xQohOXyZzGdk
Id64xZFYwpbmqvfqiFRqJCRflEXAYQ+ob32MiNdSL+nh68cs8FqKvsMo4kuCGwxI0u9gk5uQkl/Q
7uQsYYL6yecRQceqlk8WsJqideSwu4lCJ4VDFThS5qB68MMgfMEsRBeYCa48yCWY+p4DJE6BQAvJ
ibB6DQ3EQHA/EjAV0ASSPV0RpT+5Qm2TaoIlmxcfQ9ABT0ChNAhIxnKpdyQZ37oF0ii+RY0ehYC2
pwwlBPpgv5c0Qk3NwxuYC2G9ZGRLISb93ksJX2KFTcrQlTmga3z9dQQTFP43ZTwFRYBRH+arxMd3
nQn2AMGMO2rKe1CR2F+aZ5y4yCA2l2A2sCBvE/GAO1E+BzZlG6QSgxxz8fkLlBLEHRyLywQMWHyI
TmtNWBbwBmae8dsQTJyBOIA1sXmSikCUc0XU2Qy3C87CbdEmYfE9CLLIxMKAoa8V9tpYTraADzAB
0lcCEsw4iuORAHZ3s1Bhl1mZ4BkAbgHQQipUIh68zDsE31iRv0kczhfgVzKaL9qmF1AWi5LJsjIt
5KgUHAooBvoq7oSywQxBYLBR5Z6kNzwMgPj7aUCbQTvkIHKwt45lfDDdkdMM6xNRCKJLttL+4eeI
T8GqMBsh8g5sxjgs0NnEbE6nqwI0QCZS8D0h6jBHDArAJepxGQpNCEsDD7J0JChtfLngdhYCseAm
gY9EQJtBmquRSvMH7ZViA885KI6jv0A7kajmglRHkDciPc0P0CAiRCFe0P9/wQkmco/xgWH/uXxA
+ZcKUpRvr0hTAHMCjgaDNzjkmjDErKlze/0dg0DhMD6KnaPozL/fCKVi7wjS0LsQv4RImUCkJEy+
jwL2zyXpct9iZK1ms1sfMpm85kw7ureXJyNy+fpsQs7PLs4uwfGPz89OJmR88o5Acvy3k3dtApPI
5VuYdUI+vn57fkLG794enUwmnbvOwpJMfzA0BANpfchFHoEuPEdW/QUTzlzIpXLTLugColWgfJGY
5OBLzdpBK4CQKQPX4ODB1pD7L5miNEFIUzFm44eelgqlgi/BgNuuA4GObArTW4xEmKiIZZ27K9BO
VFEDykyZj/mMlDYSLrUt11bcgOmxNK/Z3u4pvvOXXyJMSWHbkMKcZlPYQ47Po0hm0spt3S9xsS2R
LLWOqHXg/2OalCKHMimCLLMEC33Z1nHlrolqI5XhejYDaJLzuN6qHfJWRg25ISD54WUUVNSEEIqW
Cal5yDXoVLAALA97PYNrwHkqHMydoCvMSsKpeJxlPNbhW69XcxzTeJt6R86Ufu+xG3KPwd2xnInO
hlGZGRcvBWuDD8o4lSmjzk6JuuXgrVqPxzhRLRK8CKI1R3AFaQQ4CHqP2CEhgIAKWG7ACPO8ZOhM
igVoc66TaXR4iK+mrK0VLDMQlS93ND04+UG5YRHnL8rkOq95OKIpjodxGUMEh+CdEV3soJKJLPok
NbWkcV8p0YqdddcGoapIK8oEUgfT/RJC+o6lyWMubzctHzMx9JsSi56uN5yEqKY2+RRZiuNDecsM
To+BMJEZQeqKMgVaZTojYaUUyzEiV0l+a15hWSVlyZ+mAKebGTeKFB851bAfA/eYreJ/iTzoHlWh
B1LDBY9kmjvFT9OJAkQwkONnwogKX8I/yvJP3ZUha8qqhFeHzxemDvVNdNHZqkDwbeK4hnqVagVy
p9AEVaFFRIE6oxZFOiaygZQElnOi+MDlMKiI65DXkI2CtR2I9JIcjd+3YS3QMYXduAwD2CAiM9F+
uMLgCAwjslsXAXWFkAs5GbM7+LG9HDZfNOtCbS1Ll4CBpSt0gFh8dxAN0Ni2Zlg1wNkl0skt+kZM
dWnUls4X0avvvXQIeC4mvCHm9e/HyVhXBXWxjMUPLsLnzyTUMk1SR43cKcou1PbNw8+sUj7WEFrn
2HzUeRzUGNKajLi+s9+Xi152yFitiWg2FwuoqtyV4Sics4zOkUdQHjCXp5FInbAUj4EF9Bs0Q4Ue
RSF2l0SPAT8XxPKCXFy+F7TmwBYyPy0Lgl0NofMaoayFOrXriovSwXUjQbHeHAGblvNRXWf9RFys
r1QWiTW2mKHr61y2Ipiuu+VCZT6uBiq9noZ6tOBQV6Pp6hKL6bJaOEf8RBvJ6U3tjLF/pLtseNf0
EPgaEXgPRovaNwHd8qtEOokXhSEYmEiR8hRyRJEyJdzHj2OI1SDdC7oCyaIhxfxGV90YTCrPKzye
o+9KtLntYXRDzW6+XIruiTQQ+d152YESs5U1lLlqV/iwOwrtSdQqR64akRQSmJsw0uik31QeoMKG
QYAm8yrdT3Bx1IxIbT3Lasrd2wLTtelhzEu0/pl082ozoHBlN1MEOXQAqgMBCsMrFaUAwDsRtQwA
QgwJk1XulEmAUzZD6xXdUxFcFto6lEGItuqdCCiFgQgNYcB+JrRJdio/aAZYGYSU+ynufYlkmgG0
QHSVhMEC4TUA/FVRtq32A3YFnDIN8JNFlrfxMbgJhKK1bDWbzo4F0mnEMavFLY1yZhlaAuTb4ABj
onglVUdFx1OxqiEKgOmQPnlB5lBj5bbQ6u6NIbfOXcGp7b6koSjFwAVBZSI1l/K0jGrDVZcYTsQs
5Wz2NF6RrDtp5RfQaeNGHxEzCRb9Y9nAGlWhFftuokyUN2REUioN5UGB7n4Epkhxmzj4Jd87g9V+
bd5IF5AxzrilNNiojjw/MWYvOKpPkNXBw7tOyCseEp6sYixwcnyqPgfOc5MZrN/UDFLPEEwJX0jn
8wyKaNlaqzqZmNzhl12v73IsaAU38Pb4LX5WTp3NqMCDHmbJZK5MxUd0EWcuGDBZEaMdowsPkc7S
irRnrb57xA2al3Mq+4OAmzgqVNhpnrjDbZFCNp2gYRn9rja44HRB2wTfuBaxsjDyJ/DwM5ZBDu2g
Y0swBsn7dTyTHTRq9dDU+Z4R50rIHCG0Cveo/Y8CqWxDztB47rEEyXnTFIowNsOCCoUIHlfpPAY1
jz4ZUYtGoVqmW8QdE5G618SkpfxY0FURQtqA3E9Gj0W304uwqKSsuykLNSycEBY1KhdWLggb2lCE
BCIFDGcVKKgygCV5cIJOTTcUtPsEiMoDm2GVRiHNq/oD0kIap1F9jZkJ0Ks0OdIq1XfB1rEDNiK/
ilQCwnhbtMQ+afDyYzNGtDaPeARjmPBlYaDaCvp8TfQL7guYIr8Q6UIucl9RdoLuQqBaRX2bFY1b
UKIvCB7MYSjS4bPGPCKn54eXo/6Pu+3B/q3b3r7dbvd/dH8MmM+lI9/CD8P46L8P9nrS58urncHL
OjOTJyl2HS89BYY10IBqy4m8SPTVQKv+isgPcZaZ9v66HMmq4xHhuwCO+HY29mdyLT5Hn+CAreiU
9MWpcFoCmVhhgSlF4mJ8w1eNOCIf7JhdRC6/981uwY3mqqbzr8XLJ6JqAdlMQ0iwV7JFIOYhz0AO
1BgyYukdJnkVOCA/yowo0Gq32G3BklwcyY/+wHcQmPk9yakP6drCHMHTtCSgmTXG46uAF+BarVH1
wfx6oMwi8xpdi3k9CyPxUYZ6ZB5bX7dcQFiSzyvCRQhb8ca8+1uunm4YivvxVJ4LmlMwNwTaA3Ms
9W2W37GZajVYK0UEye0hSI9ic2QyPjcv41X+eyS+x6l+kQG+KNbHswzi4Oc9B72d3i78/O4M22aD
fTegNOj3A9bbG/R3+vsD5k6D3u42GBKbzVyXDQe7++Q7gF3wa5ZAKmKJCz/Fr97MxVcjP4epfABt
IC/ll0mr2XB5G9sK4chOv9fbdt0+vn4NfiDJc2tOY0mquoTqo6Mufky13RovhIEgIX3rEPxKJGDi
Y7bG41bhfBomNFupJfg9KwERX7rBC+FpAvlZVfnYup+t0oKLgW0xMA/uSD60lAXXBds2hzIGBomW
Py+lSUhy/vzz/wCco+bT
===END CRASH DUMP===
