PocketMine-MP Crash Dump Sun Aug 18 22:33:00 WIB 2019

Error: Declaration of Frago9876543210\EasyForms\forms\CustomForm::handleResponse(pocketmine\player\Player $player, $data) must be compatible with pocketmine\form\Form::handleResponse(pocketmine\Player $player, $data): void
File: plugins/FacebookNetwork/src/Frago9876543210/EasyForms/forms/CustomForm
Line: 14
Type: E_COMPILE_ERROR

THIS CRASH WAS CAUSED BY A PLUGIN
BAD PLUGIN: Facebook v0.1

Code:
[5] namespace Frago9876543210\EasyForms\forms;
[6] 
[7] use Closure;
[8] use Frago9876543210\EasyForms\elements\Element;
[9] use pocketmine\form\FormValidationException;
[10] use pocketmine\player\Player;
[11] use function array_merge;
[12] use function is_array;
[13] 
[14] class CustomForm extends Form{
[15] 	/** @var Element[] */
[16] 	private $elements = [];
[17] 
[18] 	public function __construct(string $title, array $elements, Closure $onSubmit, ?Closure $onClose = null){
[19] 		parent::__construct($title);
[20] 		$this->elements = $elements;
[21] 		$this->onSubmit($onSubmit);
[22] 		if($onClose !== null){
[23] 			$this->onClose($onClose);
[24] 		}

Backtrace:

PocketMine-MP version: 3.9.1 [Protocol 361]
Git commit: aaa01bb6f87082fc4cf4c251c06f1a590d886f2e
uname -a: Windows NT NGHIAVPS 6.3 build 9600 (Windows Server 2012 R2 Datacenter Edition) AMD64
PHP Version: 7.2.16
Zend version: 3.2.0
OS : WINNT, win

Loaded plugins:
essentialsTP 1.2.2 by  for API(s) 3.0.0
MapImageEngine 1.1.3 by FaigerSYS for API(s) 3.0.0
FormAPI 1.3.0 by jojoe77777 for API(s) 3.2.0
SpawnParticles 1 by UnknownCoderPro for API(s) 3.0.0, 3.2.0, 3.3.0, 4.0.0
AlwaysSpawn 2.2.4 by Philip Shilling for API(s) 3.0.0
ReplaySystem 1.3.0 by McpeBooster for API(s) 3.0.0
DEVirion 1.2.6 by poggit, SOFe for API(s) 3.0.0
Newspaper 1.0.1 by Johnmacrocraft for API(s) 3.3.0
AntiSpamPro 1.4.1 by awzaw for API(s) 3.0.0
WorldProtect 2.3.8 by aliuly for API(s) 3.0.0
TopMoneyUI 1 by ExecutivAC for API(s) 3.0.0
ManyWorlds 2.2.0 by aliuly for API(s) 3.0.0
Slapper 1.5.0 by jojoe77777 for API(s) 3.9.0
iProtector 3.1.1 by LDX for API(s) 3.0.0
HotAirBalloon 0.0.3 by solo for API(s) 3.0.0, 3.1.0, 3.2.0, 3.3.0, 4.0.0
DevTools 1.13.2 by PocketMine Team for API(s) 3.0.0
WhatCrates 2.0.0 by SchdowNVIDIA for API(s) 3.0.0
BuilderTools 1.2.0-beta2 by CzechPMDevs, VixikCZ for API(s) 3.0.0
Broadcaster 1.5 by EvolSoft for API(s) 3.0.0
RolePlay 1.1.1 by awzaw for API(s) 3.0.0
LuckyPot 1 by FreakingDev Fixed By ZulfahmiFjr for API(s) 3.0.0, 4.0.0
StairSeat 1.4.0 by korado531m7 for API(s) 3.9.0
AdvancedKits 5.2.3 by luca28pet for API(s) 3.0.0
Cameraman 1.1.1 by ChalkPE for API(s) 3.0.0
Warning_Interact 1 by NguyenDongQuy for API(s) 3.0.0
PurePerms 1.4.2 by 64FF00 & ProjectInfinity for API(s) 3.0.0
PiggyCustomEnchants 1.4.6 by DaPigGuy for API(s) 3.2.0
TeaSpoon 1.2.0 by CortexPE for API(s) 3.9.0
CmdSnooper 1.0.0 by HotshotHD for API(s) 3.1.1
HowToPlay 0.1 by LousWiteMC for API(s) 3.9.0
FormAPI-FS 3.5 by Saehing for API(s) 3.0.0, 4.0.0
PureEntitiesX 0.6.3 by milk0417, RevivalPMMP for API(s) 3.9.0
VeinMiner 0.1.0 by jasonwynn10 for API(s) 3.0.0
RedstoneCircuit 1.0.1 by tedo0627 for API(s) 3.6.0
VANG 1.0.0 by NguyenDongQuy for API(s) 3.0.0
EnchantUI 0.4 by UnknownOre for API(s) 3.0.0
BuyceUIEF 0.4 by UnknownOre for API(s) 3.0.0
DNP 1.0.0 by NguyenDongQuy for API(s) 3.0.0
OnlineRank 1 by TungstenVn for API(s) 3.0.0
MuaVangUI 1.0.0 by Phuc An, NguyenDongQuy for API(s) 3.0.0, 4.0.0
AutoClearLaggEF 2.0.0 by Potatoe for API(s) 3.0.0
Facebook 0.1 by LousWiteMC for API(s) 3.9.0
LuotKhoe 1.0.0 by NDQ-Zoid for API(s) 3.0.0
MiningRewards 1.5 by David for API(s) 3.0.0
EconomyAPI 5.7.2 by onebone for API(s) 3.0.0
QuestPMMP 1.1 by Gamchik for API(s) 3.0.0
SETVIP 2.3 by MCPEVN TEAM for API(s) 3.0.0
CustomAlerts 2.1 by EvolSoft for API(s) 3.0.0
BossSystem 1.1 by sLeeD for API(s) 3.5.9
PHP-Sell 1.2.7 by Muqsit for API(s) 3.0.0-ALPHA9, 3.0.0-ALPHA10, 3.0.0-ALPHA11, 3.0.0-ALPHA12, 3.0.0
BlazinFly 1.8.7 by iiFlamiinBlaze for API(s) 3.0.0
BedrockClans 1 by Wertzui123 for API(s) 3.0.0
TradeUI 1 by phuongaz for API(s) 3.0.0
CapeUI 1.0.0 by SuperStulle007 for API(s) 3.0.0
SlapperRotation 1.2.1 by jojoe77777 for API(s) 3.0.0
PointAPI 2.0.9 by onebone#editPhuongaz for API(s) 3.0.0
PureChat 1.4.11 by 64FF00 for API(s) 3.0.0
MyPlot 1.5.1 by Wiez, Exxarion, jasonwynn10 for API(s) 3.4.0

----------------------REPORT THE DATA BELOW THIS LINE-----------------------

===BEGIN CRASH DUMP===
eNrVPA1z2zaWfwWnZG6TjiRL8rc6vjvXlhvf2rFqOcnulp0MREISapJgQdKy0ul/v/fwQQK0ayuO
dneuM6nFR+B9430AJH9vzYRMaPH5jsmci7Q1HLRbBU9Ya9jf3dvr7wy2D3rtFpNSyNbw91axyuBW
a/T55OpyfH4x+jy6vr66brVbCctzOsd7pyyMqaQFYCNiRs4knYvDg/293Z3tQb8XBCOar86AaB4E
M/3npMwLkSBsOFzQNIrZNcszkebsTSbCW1YkPGVBkMV0xWQQjNVf8lpft8nriBb0LUkAC5kyEook
A+rTmJElLxbERYEEg+BZSo9TGJI7wSOQdcZjFDSLyzlP860zGrKpELfvWbEU8nYrl+FWQ+qtSugt
JfNWLTLgi4Eo6Hvnj7bB+ZmndyK+YwlLCyAUccnComXvAsSSBFgoIoaW2QVwSsEMGdx7Xuvfw9Q9
mAJ/9uFPmTNyEou8lAzvHBjQU2hYrPiDXyP9CycemomPK/0jjXmkPGN0H7IMf+Ckfu+RWb611bC+
GTYr01C5F5WSrj4nTM4V1/1BcwDPP6sx6u62Fre/A3/BRfOc1FYg7L5gaZQTvPgdR6E+g2Lru+/I
/9xRSYyMP/9CvtvC23vqdib5HS0YeW2VQY7Iz78oavuG2oEeWE5jHtaMff4cgtcVsgyLN/CHp3Py
uuBFzNpaqBpj29qFvBbppJwmvGiT/3Zg+JMB3bSM47eK9UNFEohSCRiGQ5eYpvIWWRz0zLjXxYLn
nf9yZKioq3F9f5xl403FkEY3MMP47E3F1n8cOYwNts0IB5UaVo3XiHbMsD9asCIKCf7cGv78S7s1
ZymTNEZvR0+HUWPlMJfgMJ3LMUyd0pzVoay13T3s9hFc8jiCFba/D9ENfCJid63hjMY5gzUlRSFC
AVi39/pAg+OKo5T2+tPp3uxgv3cwmIU74WwnHOz2w97erE93D3vRwcHebMAAt6S3MZ/CnF63P+j2
AFIa5j7xNBLLnLy/Ie9/fHd+/HE8IXvdbaK4IYd7vR55Y8dMmAS2yaDXH5DrATmFeBOC/gE0ijh6
zFtyfHm6t4NBYJEB8v3uoAtO2G59AbdVomricPezyJH6+fv3NwBQF0uIGlV0yVGBEK4BPwcd3Iwd
hXrgdqtWZR/wDwBCy2IhZK4NQjMOP4B2D2jDNUsphF1gB3wNVBuxDNeUHpuLWXHqAhKqQplLEYKK
Tz8WFIUbX01uPl1dX5wCaMmmOS+QV5TokmbnCeSdUTpXQbQSpHHDF6Xf3fZEgXjK50xO/j5pbUiq
CmEQ+Jw0r9cREmPS8fjckc5CfLG2lQc4Yv0qfhVsH//z5Bq8XK4ao47owET1Yx1RJhldpmMqCx7G
LHckatzwBPOF+pDepmKZnkDek2MpHlisXa2FbaORnW+xpM8Ymg/Aa0h6HC/pKlezHTFdqCsjLK7u
ji/neMFjnpEJ/IECYb4pz8wU2txgDQKqOMqRoyC4AKmYrMWb3Bxf33wYPxDummF6nqzygiWOdB74
Gd+8DDP2gxAwVG5KNJd8EDSYedJgBVSKwEgXasctlzEQ9XT0kUslRSVmBWoGyD1fxEzMMZ2A11+d
sY3ZTyENgjvFQhBALjO/HLaeMd97tgSDZ0w6QtUwX6pet7H+/lcs0oSGUoSSzgpPrO2Xi+VjDYKK
Hefnc1ZcFEWWD7e2QD+LcqqM6aPdqlHhCoVEAysxwSDirFAH6mtip6kJuvxCl5uyq0IGyxHIA4sJ
lCVB4PPybMj5JGQcwdgCu4VaIg/sB53t7kFDpJiX8WpjMilsQbBEDjLNQTOCPuajjxjysuRyxlkc
bdVNQsd2YIVkbCuhuGS3PGlBKTciuxQpW31w86cDfCLTjO5ZWBb87vhkYwoJg6AQ2fpZ5JKmKyVR
7tU2FbCZQ3r/CnMmQF+Z9CvS4SSmmR9wLMRfZLtr1jCHLxcj14TX4/0RV6w52rIygIDc+JxwZXSA
rpjbUIE2fO3i9G+bMhOgCoKa8ovlBDydy5PxaMuRAgR9J4pjLn+gcSy8rOjDXXFBlmbBnYv48cqt
v/kKDmkFwUIUlMupZi8Imtw+68Cn7O5GiNhdhxWo0V1sNzolp00lN4wmmzK0pQ+pv+bk68JqzdlW
hQMzyYIWJ5IWXonuAP2w02uu2Um4gK72/cfz0/PjTQnr4gyCmpf1Q9AP2Hcz2bSiB25WdL3OlBW0
Yc6TLyxcjC9BYTjhI7/ntyf/2JScISLPEijrQLSp5q3QVm5w+rXr2WF7y0OFupGALFQZ1FWNA22E
6UamvBPxRDSqwW9QgkMYxPa4WMO/l8tllwFHiL1b3KqGRcQMdxLdZsWCmnsD/4IqTwJt7E5eHJs1
UyDYRRnersbCrfcq0BOlzZlk9Bb6P3AGcsbvWUR+WJF/lPGMLhJ+9qt8JDZ/Uwy2PH1FwYDhesKo
K1kNa1bmjQB0KySNxO52P9lY1eCgDIKKEefnWpsC0R1NQxb9lRduCPLArmi7EIIamTMuQzo4yNg3
rrXWuJRszGSCBMd8Pl/pzfBRGi6gB0Go3dapdeDy+WLXrQTY8sQG7ZyANiSF6tJRTQ17ZpmeLGh8
Ox5tLAwjuiAILfkgcDl5VmYQWWHoZkzlUypTWG2fz3FLl/rdWfPWE6v2/bxcsfRUpPOfyo1V9e8+
AXkw5yfLwfprtPYhZ0ve8St/jTay6N7O2VmvR/6TQHX5K1SX5+mMp7zYmFyfNYEgqDhyfq4l3SOr
wpHz0TXjS9zYDzqlMOnHhuW+YTPW4gO5HjKzvhWhJJ1kfi1fgR7UQ41FJ2TB7hur7huCrMX3NZsE
dk73fvVFRZEkmqRC+M2mA2xubzVEgsYgh17h3aknE4abl0aSJMo1aYghLhvPGuadWN6IRtVSw/wO
q9lOijL/BJguTzZlmhojNk81E+ueXnTOJg8PMBDoN8aNwnJC2eKxze9vLEeAfH5B0wjStybgnGZM
hSjWDX6jtOAFZ/nfGgGwhvtW2mtm84THt72d/n4L99Tv+B2Nx5eX403ZTGqUWZJkQZABX8zwpSOh
5fKru0aH1S1fXNDLR8ZTbCjd5VfDGl77YLeH5iJdrtK039tUHnBQBkHFyPrh8ZpFEFdTdsJlWPLC
O+7w7zyzcV6wSPT2Bn5Fuvct1tXk1wmWyjDH7390bYKXzwTDf2rBgQzo/69jBpPXvG3cGua71c6j
J4ZXcmOHMDXGIKiY+JqdiFXIPpyPzrxtCAv7N8pimFhfktP37tMDePXv9Cigr/63DudXKT52dU3T
W0cAB/hEGX5TArWCpR/TTQmgMX4WaSyB9lccD5T0I03n3qKoYc+YYrwoQ3KctsnTNvnGVGttY9j6
igP0shAnMaPygs7n3lJp3nlmN3IsClqIja0Xj/qLu2DD1I2E6X+/2fKQqqrJPuHn1Ez1Q3//tsqv
8ayjFn/NZz8uSlH8dSGYt1VlQM9FjdOfOv/Ahy83HDAs/frXWquOY8d+zZZU+udyHvzJDdNTerc5
aSJEFgSJIi81+fWf5RiFIhXJyn/AyAH6+1H7zTYeCpAp/NuULAZdEDDNAeCEFOty86x5fipZXqgy
upanhjW2kXxhfqRJuOC3GwsVMbv/QfI0CBT9IPgN/6y1+TAZ3Xw8dyUwgMb5feOZmpPx6ON7cjM6
vtyUCBol9Ems+MizdTjX2xAguvT2SzywL0X/n3uY4FK2D5tXfLzsOOEHkecPnn5ygE86WX7BmL+7
sNs9fPFJCRB9uNaf6FrfjTsTFnsP0VpQc7Nnv+Fd5W+AqGmVzvHF+N3xoTqsrS77vcZ1v3E9sNcv
Pg4Eht+pDn7tojumX3h6Fru7KTXMl/2gKTvnZzFNOE9xxsaCnY8Vym/LjvNzLdFYJEV4exLT1DvZ
dMFP1LOfYC18KXl/sL0pwWqMIInDxYvLpRrhlicVbl9K8H3/6R4DeULkbFFCuUu/bO6pSo0vCAzx
9f3yhGY++wbwTEk0KTMmJ0UZx6zX299YxpJlQT9e4mlH9lVSmCdhrrGs9Z+WbN5pRpn+Ws/7fEuo
8Bn4iuMNwdPCr4sqULPnOHy0KnrFIl6MN+xrkZBUvyPz8hoJd+1OFt7hagV68NRj/7GDm6+SxjkV
engSCT0F2iXXTzn+jd1xaDjGo46Ft/7kTAeZrX+9pAdDpswjhBUarO9X49g7UTeA5pNqzTDK2ReA
jO7vqXkM9892M3e++rTWs655aAcfYER61SsT41HLeV7ZqeEU++D3VownOwJ8T4SCh7GCNZ9e6lyO
u9mCYqHR6WjuOxCFuTKqeoOlm0k83VC7ysPWq3F1RU5EOuNzgu/OBTJIXw16/cNO76DT3ye9w+Fg
d7h7gHCI6vOSztkRS+d4nYgiOgpK1u/1SVD2enQ/1n8i3cOZN2e8W1PS0T8MmBH7rAe5FBEz94jG
ikQ0751MyOKof9jfHiBwuQCNdGKeF0diNkMITVNRpiE+d4rvpHUo9ApMv6WX2zHqQfqOedYVzHDU
31Ni0HszKz/Sgs5Bwwlwc9TDq5mQgLeCGWSg6igUsrrO7rIjCGDwK+KzGQ/LuFgdKQn0q1GFkJ2c
FQUq5khpE9iLO+jFRye8WNWgnLHIGYGvdR6djs6OP1zcINTYFtoVuTIUDUiCIxoI/uxmNM+XQkZH
36n/QEllITo5vWNm1B1ny04EWsSj/qO+Uu39VNx3cOUcqZewEISvLlUP9nZXSYzuQzBSk1B5Tmle
KUUHIqAu4rmlcilys2A5I1YDhEpGigUjsFBy+EELEqIJ1VuiPA3jMmIR/CAPXFdjm4iE4RusxUOs
OZ2xNhFwR+aIlEzxeRqyEqU02AifETAln3FFA6yI73DGK436PVtWCLciNqNgyZwsRfqXgmCyopKg
HhMQOaRxvEIu8Y05Lf1ywVJSZnOoNABBF1FqL9YIh3hByKtPC4YMkkIArTQigIjodw1BGxLWbUwL
YE7dVizHAoiByPCLFUpz+HJByIh+VRYhicat3dWu1SGpzEhIviiLSMAaMG8ED0nQMm+3hfiKXxS0
DH/HcSyWBBcYvv5onuUmd5ySn9Dv9CjlgvZB7yHBSGmmTxYwm6J35LC6iSGnlUMNOlLmYHoIrKB8
JSwEUBgJITvKNZr6XgdYnAKDHpGR8nqLDdRAcD0ScBWwBLI9XRFjPz3DLJNqgKebV5842ECkYFAa
RUSyXNsdWQZL3wJrFF/rxIhCwNpThhoCe7DfShqjpeb8Dsbe0bhk5I0hTAa9txq/pgqLlGEo64Ct
53MmhzDA0H9fJlMwBDj1cb5Kwxua3xLcxwM37pohH8BEan1ZmXHgQkL6KcFtYELeJurhb2JiDizK
tnrpGsTJ1Vu5oCVIKAhLyhQcGIdY9BPlWSAbuLkU9xxcnIE6QDS1eNKKQdRzxdT5DJcLjsJl0Sa8
+AsospBqYsQw1ip/bUwnb0AOfCF4YBSkhOkYiYcK2cPFQpVfyjLF7TRcAmCFTJlEPY6Zdwk+Nad/
k4TPFxBXJM0XbTcKGI9FzUhZZoWGasWhghLgr5JOGRvcEBQGC1WvSYovmwPzj/OAPoN+CN0/vune
9ZwPhnf0MMf7VBaC7CJXNj78GIspeBVWGkTfgcWY8AKDTcLmdLoqwAJkohXfU6rmOVIwCG7Qjkuu
LKE8DSLIsqNRWefLlbQzDsxCmAQ5UoVtJhmzRLX7g/VKtYDnAgwnMF6gn2hSc8VqR7E3JD0rD/Cg
MkSxAMVH/y8kwZLsOTkw7X+rHHkhMsWKie0VawZhTiDQYPKGgFwzhpQtd/3eYMdhUAWMT2rlGD7z
v2yEU7V2FGsYXUhYSnxrHWIC06/fgP8Lzbpet5hZq9HsPoRKJq8ls4Hu6mY0JDfvzifk4vzy/AYC
//jifDQh49E1gebgr6PrNoFB5OYKRo3Ip3dXFyMyvr46GU0m3YfBwtPMYHfPUQy0NVyoOgJDeI6i
hgumgrnSSxWm+2ALyFaRiUVqUAefYbcB2iCEShmkhgAPvobS/5kraheEMhVzdorDDEmDX6OBsF0n
ApvZDKUrzERYqKhp3Ycz0E9MlwLGzFiI9YzWNjKura3nVtKA67Esr8Xe7hm587d/xpjRwrajhTmV
U1hDnVDEsa6kTdh6XONqWSJbZh4x8yD+JzQtVQ3lcgRVZgke+rZt88pDF7VOqtP1bAbYtORJvVS7
5EpnDb0goPgRZRxV3HBIRcuU1DLkFnWmRACR93o9R2qgeaYCzIOkq9xK46lknEmR2PRt55sxHdd5
m3ZHyYx9H/Eb8ojDPfCcia2G0ZhSqHeJrcNHZZLpktFWp8Tc6uCt2o6nONBMUrIopq1EcAVlBAQI
+ojaoSCAhApU7sAJ87xkuf7YS87mtpjGgIf0as7a1sC6AjH1ctfyg4Of1Bs2ceGiTG/zWoYTmiGc
J2UCGRyStyS22UEjE930aW5qTeO6MqpVK+uhD0JXkVWcKaIdLPdLSOk7niVPhb7d9Hz1+Z3UUrHD
7YLTGM3QppyqSumE0N4yR9JTYExVRlC6ok6BV13OaFwZxXaM6Fla3lpWmFZpWctnOcDhbsWNKsVz
cIv7OXTP+Sr+S/Vh9bBKPVAaLkSsy9wpLcKFakCUAFCxgZuZ9KXio27/zF2dssxXhrDgtenzlWtD
exNDtFwViL5NOn3HvMa0ininsAxVqUVlgbqiVk06FrKR1gS2c6r5wOkANMx1yTuoRsHbjlR5SU7G
H9owF/iYwmpc8ggWiKpMbByuKHQUhSHZr5uAukPIlZ6c0V1yHEGwW9B4tgW9tW5dIgaebsgBYYJ7
TOiAzrJ106qDzm+RRvcYG7HUpXFbB18kbz6U0iUQuZiKhljXfxinY9sV1M0yNj84CQ/CNdYyS7OO
gTxoyi7N8s35F1YZH3sIa3PcX7N1HPQY2pucvL5zONCT3nbJ2MyJqZyrCdR07sZxDM2ZpHOUEYwH
wuVZrEonbMUTEAHjBpVo0JOYq0/y4B6DZOr4mFzefFC85iAWCj8tC4K7GsrmNUHdC3Xr0JUUZQfn
DRXHdnFEbFrOh3Wf9V+kj/2VqSKxx1YjbH+d660IZvtuPdG4T98i1VHPYj1ZCPwW0LJusZhtq1Vw
xK9rkZze1cEY94/sLhvedSMEviEP0YPRoo5NwLf+nI8t4lVjCA6mSqQ8gxpRlUypCPGbGmo2aPeS
rkCz6EiJuLNdNyaTKvKqiNexdzXZ3I8wdkPN33y5Ubsn2kH0J9b0DpQabbyhzM12RQiro7CRxMzq
6FlDkkEBc8djS07HTRMBKmqYBGg6r8r9FCfHzYzUtqO8TblHt8Bsb3qciBK9f6bDvFkMqFy9m6mS
HAYAswMBBsMrk6UAwbXKWg4CpYaU6S53yjTCKZuh96rdU5VcFtY7jEOobdUHGVArAwk6yoD1TGiT
bZAsVOGaMEgpj3Pc+zOWqQRskdpVUg4LjNcI8FfF2bZZD7gr0CmzCN9Q9aJNiMlNEVRby95m0/mp
IjqNBVa1uKRRz0yiJ0C9DQEwIUZWUu2o2HyqZjVUATg7ZEBekTn0WLmvtHr3xtFb96HizHJfUq5a
MQhB0Jloy2UiK+Pacc0lphM1ygSbA0tXFeudrIoLGLRxoQ+JWwSr/WO9gTWsUivuu6k2Ud/QGcmY
lOuDArv7EbkqxWXSwS/kPQBW67V5I1tAxTgTntFgoXb0+ZEzeiHQfIqtLj5h3+WikiEV6SrBBifH
M8ccJM9dYbB/MyNIPUIJpWIhnc8lNNF6a63aycTiDr+GdvtQYsUrhIGr06sh6MiczZjEgxFmyXSt
TGHlLRXNXAngiqKgXWcXHjKdZxXtz9Z8j6gbLK/HVP4HCTftmFThl3nqjvBVCtV0io7l7He1IQRn
C9om+B62ypWFUz9BhJ8xCTV0BwNbijlI36/zmd5Bo94emjnGc/JcCZUjpFYVHm38MSiNb+gRls4j
nqAlb7pCwRM3LZhUiOhxlq1j0PIYk5G02ig00+wWcdclZO41KVktP5d0TYbQPqDXk7PHYrfT1WcC
u/5uysKAVRDCpsbUwiYE4YY2NCGRKgH5rEIFXQaIpA9OMKjZDQUbPgGjicBuWqUxp3nVf0BZSJMs
rq+xMgF+jSWH1qT2Lvg67oANyc+qlIA03lZbYr9Y9Pr7JU62do94lGBY8EkemW0Fe76m9gseS5iq
vlDlQq5qX9V2gu04cG2yvi+Kpa04sRcED+YwFdn0WVMekrOL45vh4Pv99u7hfb+9fb/dHnzf/z5i
odCB/A1+ByfE+H100NMxX1/t7L6tKzN9kuL38TpSYFoDC5htOVUXqX01sGq4IvoDkvjRSR39bTsi
q+MRFbsAD2TJUJ165VZ9HXuCA75iS9JXZypoKWJqhoemVIWL+RyqA+moerDr7iIK9SFRwu4hjOam
pwtv1VOw1cdgORTYK71FoMahzMAO9Bg6Y9kVpmVVNKA+kk4WaLVb6huhuXokYfg7vqvI3A8xTkMo
1xYuBE/T0ohKDyaSz5EoILR6UPNd3RpQyti9xtDiXs94rD7VUEPmifdZyAWkJf3gEFxwWIp37t1f
c/MQw566n0z1uaA7BGtD4D1yYVnoi3zNZmarwZupMkjug6A8SlzIZHzhXiar/LdYfcjS/CK7+ALV
AM8ySAe/i7nb2+ntw8/X57httnvYjyiNBoOI9Q52BzuDw13Wn0a9/W1wJDab9ftsb3f/kLwG3IW4
ZSmUIp66VlQdMeOjO/iGzRee6Uc1d/Wl/qRnNRou7xPfIALFGfR62/3+AB/+gTiQ5rk3pjElM7uE
5mudffwKabs1XigHQUYG3iH4Z1WAlQXHr5VU78rx+ZSnVK7MFPx8l8KIT1LhhYo0kf4eqX62KpSr
rBAKsK0A8+iB5rlnLLgu2LYLkgwcEj1/XmqX0Oz88cf/ARhoAcY=
===END CRASH DUMP===
