PocketMine-MP Crash Dump Wed Sep 11 12:05:17 WIB 2019

Error: Access level to SalmonDE\TopVoter\TopVoter::onDisable() must be public (as in class pocketmine\plugin\PluginBase)
File: plugins/TopVoter-master/src/SalmonDE/TopVoter/TopVoter
Line: 119
Type: E_COMPILE_ERROR

THIS CRASH WAS CAUSED BY A PLUGIN

Code:
[110] 		}
[111] 
[112] 		$this->particles = [];
[113] 
[114] 		if(isset($this->updateTask)){
[115] 			$this->updateTask->unsetKey();
[116] 			$this->getScheduler()->cancelTask($this->updateTask->getTaskId());
[117] 		}
[118] 	}
[119] }

Backtrace:

PocketMine-MP version: 3.9.4 [Protocol 361]
Git commit: 1be6783c34ec51b578464899994285a7e8188590
uname -a: Windows NT NGHIAVPS 6.3 build 9600 (Windows Server 2012 R2 Datacenter Edition) AMD64
PHP Version: 7.2.16
Zend version: 3.2.0
OS : WINNT, win

Loaded plugins:
RealTime 1.0.0 by killer549 for API(s) 3.0.0
Freeze 1.0.0 by georgianYT for API(s) 3.0.0, 3.1.1, 4.0.0
WorldProtect 2.3.8 by aliuly for API(s) 3.0.0
FrameGuard 1.0.0 by Saisana299 for API(s) 3.0.0
essentialsTP 1.2.2 by  for API(s) 3.0.0
iProtector 3.1.1 by LDX for API(s) 3.0.0
DevTools 1.13.2 by PocketMine Team for API(s) 3.0.0
SpawnParticles 1 by UnknownCoderPro for API(s) 3.0.0, 3.2.0, 3.3.0, 4.0.0
BuilderTools 1.2.0-beta2 by CzechPMDevs, VixikCZ for API(s) 3.0.0
Broadcaster 1.5 by EvolSoft for API(s) 3.0.0
AntiSpamPro 1.4.1 by awzaw for API(s) 3.0.0
AllSigns 1.0.11 by survanetwork for API(s) 3.0.0
ManyWorlds 2.2.0 by aliuly for API(s) 3.0.0
PlayerHead 1.0 by Enes5519 for API(s) 3.0.0-ALPHA12, 3.0.0
TimeCommander 1.0.2 by TheDeibo for API(s) 3.0.2
StairSeat 1.4.0 by korado531m7 for API(s) 3.9.0
Slapper 1.5.0 by jojoe77777 for API(s) 3.9.0
AlwaysSpawn 2.2.4 by Philip Shilling for API(s) 3.0.0
PECollide 1.0 by saxavlax001 for API(s) 3.0.0
DEVirion 1.2.6 by poggit, SOFe for API(s) 3.0.0
Texter 3.0.8 by yuko_fuyutsuki, mfmfnek0, onebone, ogiwara, Shootsta_ERU0531, Toganon, ShadowArt, Marron0421 for API(s) 3.0.0
APIQuan 1.0.0 by WM for API(s) 3.0.0
LuotKhoe 1.0.0 by NDQ-Zoid for API(s) 3.0.0
Check_MB 2.5.0 by Team-TSQ for API(s) 3.0.0
Cameraman 1.1.1 by ChalkPE for API(s) 3.0.0
Particles 1.3 by vk.com/eddir for API(s) 3.0.1
Police1 1.0.0 by nlog1 for API(s) 3.0.0
PureEntitiesX 0.6.3 by milk0417, RevivalPMMP for API(s) 3.9.0
JobUI_tungst 4.0.0 by TungstenVn for API(s) 3.0.0
CustomAlerts 2.1 by EvolSoft for API(s) 3.0.0
MuaVang 1 by NguyenDongQuy for API(s) 3.0.0
TichNap 1.0.0 by NguyenDongQuy for API(s) 3.0.0
ScoreHud 5.1.1 by JackMD for API(s) 3.0.0
NPC 1.4 by onebone for API(s) 4.0.0, 3.0.0
RedstoneCircuit 1.0.1 by tedo0627 for API(s) 3.6.0
TapToDo 2.3.0 by Falk for API(s) 3.0.0
PocketGuns 1.5-PCP by Hytlenz for API(s) 3.0.0, 4.0.0
PurePerms 1.4.2 by 64FF00 & ProjectInfinity for API(s) 3.0.0
AntiFrameDrop 1.0.0 by  for API(s) 3.0.0
Banking_vonfram 1 by TungstenVn for API(s) 3.0.0
FormAPI-FS 3.5 by Saehing for API(s) 3.0.0, 4.0.0
CmdSnooper 1.0.0 by HotshotHD for API(s) 3.1.1
MuaDNP 1.0.0 by NguyenDongQuy for API(s) 3.0.0
EG 1.0.0 by NguyenDongQuy for API(s) 3.0.0
VoucherUI 1 by No2Fighter for API(s) 3.0.0
OnlineRank 1 by TungstenVn for API(s) 3.0.0
MapImageEngine 1.1.3 by FaigerSYS for API(s) 3.0.0
XaRac 2.0.0 by NguyenDongQuy for API(s) 3.0.0
TopVANG 1.0.78 by AmGM for API(s) 3.0.0
TeaSpoon 1.2.0 by CortexPE for API(s) 3.9.0
DNP 1.0.0 by NguyenDongQuy for API(s) 3.0.0
Police 1.0.0 by nlog for API(s) 3.0.0
Jail 1.3.0 by hoyinm14mc for API(s) 3.1.0
QuestPMMP 1.1 by Gamchik for API(s) 3.0.0
DanhHieuSystem 1 by phuongaz for API(s) 3.0.0
VANG 1.0.0 by NguyenDongQuy for API(s) 3.0.0
DeathNPC 1.0.1 by xXNiceYT for API(s) 3.0.0
CustomShopUI 2.0.4 by TinyPixelDevz for API(s) 3.0.0
ThiBangLai 1.0.0 by NguyenDongQuy for API(s) 3.0.0

----------------------REPORT THE DATA BELOW THIS LINE-----------------------

===BEGIN CRASH DUMP===
eNrVPIlu40ayv9LQLN6O94myKFs+FHgBx8fYWR+KpZnJbhgYLbIldkyyGR6WNYv8+6vqg2zSzlgz
o93gGTBEFrur6+q6ePy7MxdZTIv7R5blXCSd0aDbKXjMOiN3uHfg7h/suPvdDssykXVG/+4UqxQu
dc7uT26vx5dXZ/dnd3e3d51uJ2Z5Thd47dj34ZhE7JFFpBBkQqNYJKdnnjcV6QdRsKw+Go3gCs/p
LGJvt0hc5gWZMZKWs4j75C3NCU+IH1FAlwr/gRUxT5jnpVG54InnjeXv9zRnW0DBnEe4vLqYb5sl
nJjm8LOdZ/62IaW6WB3A/AhwA9fu4e9djeSeJ48iemQxSwrAHPCM+QWM9EXAUBiu2wewV3jF7wB1
XRfO5MFAg/9ShDx3/p7SrOB+xHJyRH7+5Ts5ZMeM3dVj+fwtz3NWvNWTyjSgBZvS/GFr699y5FCP
rPDWQ+A4gbn/YKu3Wwr/XnvwghUTP2RBGbHs7Zbzd58mPotw8tsX0MFoPLgM3m5phPsNVg/kmTo+
hOPfOyC1IqM+CObnX7qdBUtYRiOUUkLRmjpjqcBrELJzPYZ5M1BbbXWdnd5hbxfBJY8CUMP+/rDb
4fl9wB47ozmNcgZayUQhfAFYd/ZcWIOjVtwZ2wMr9Xd2mT90Z8P9g9293YND+NsdHAzpPjtwDw6G
h33AndGHiM9gTr/nDnoIKTVxH3kSiGVObqbk5t3F5fGH8YTs9XaIpIYc7vX75K0ZM2EZkE0GfXdA
7gbklBbAdQI2RM4CXgA3W+T4+nQPmUnDFJDv9wY90Ee384klgWRVLQ5X70WOq1/e3EwBIE+WPOlU
FpijAO8YjaZyS1bCrEDdTi1Ct9eXeGlZhCKDqT93HngE6h7uHnZAJzTlCNuRw+CcJbjvgkq8AUuB
wFwpMBfz4tQGxJTjIhVGz8uACHQVnmeREwmKPI5vJ9OPt3dXpwBaslnOCyQbGTvPGPtk86IBr3Cy
YCJbcJr8c/qMlS78uj0Xfne/ibV6Cc9TRJnf1/gKiyLNR9vbYJFhOev5It626AWmP4osCsZgvuhA
atYbYFsAg95O76ApABrxMlp9Vo9FVq7Lq8LmeUukIFUUeN41Xqx4nUyP76bvx69xel3ybM5ZFGzX
PtoxXrgA+W1rD9zgVloCSOFdSbOgYQ0V8BWLmFAIHAkdHG7OuGuUnjdHQhZICFqBRdSrFg7RD/wB
h3WnY4uzBrjJ26A3aPC2KX7sJT2vRcCrfHCtKxX5NRcW0ObB7EBLP1enP21MMYDL8+ql25a69q4E
PM71yfhs22IDOD1lj1MhotziswI1NeXutFRlxTUyZTTe1AY163ueRcmXbcyasu0KBzA7SekyGZuU
xGK5daHBeJPn98lDIpbJCeRBGQjyRY880L878vfbPHOTsvW0j6x+j+GbZW3dNsDtndh3ZqygLSWf
fGJ+OL4GMeKED/yJP5z8a2PW7SP2NIZUB3ibKeIKpfwWqV9q7xbd2w1UKJwMkPnSNduysaBN0Qyb
IjmD1HgCDG1MCtbKwHeDjDXsfrlc9hiQhNh7xQMyeAzODiwnRgutGbShTQZ32x6MLj/R5cb4k9g8
j8L6OawPQdfzmsS8as/HUTThi8S25QrUjpZui5m8zB5pwgqI+A8b40kiBZ6iKEcigKGanC+1VZvA
7QoPcH1Nk5XMHWy+LWAzcRq084Q1EqcvUqPOnGIgQGZPX+CPxhFdseyCUTvjsYAtHbY2XMLy4dB9
lu04x1fji2N3IL3tt3BmFsDC2pBkH6/DIVYBJyIG4QQNt9KEt2215W2nITtlfNaOK4Ov5qyx+jpp
royTBeXZhFE7Ya9hbdfRLrxERgMx3HHj/QYXh99SetU4Pa+ixDpcR0GTiKZpQzUG0vL2bY5+Fb8K
to9/G2MoVyt/dTZXk7RtmJBOcklXuUwZGn6yhrYdxm4rowt5xFMygZ+IJ4uNeY5U4s01WvSaSFKO
JHneFfD+WqyTLuTsRMD8wK6ga9hnHUhOn+hjRJ/6fXdzAaDG6Xkp8xUd626x07MPPJPU1nm3AbXz
sr0mM6lYYP8HDPr2nG1ORRKr5z1KGjwPUjJ9ZNH1ClNT9tRMqTSgWS712/X9qnwQ9/NyVRZ5+cCx
ozqP5wl7QCWKhM3gH48WfEkzinyHQhR5Qe/P7t73wSkAaCoWNJEkTkLwFMvjDAV0TbNMJP3dwbdq
vdZNLbBCPKwgj0njOPU8xajnnYjsa1omFfPbWmK4mceXP5a0sZE15JXuwMfrjRnFxUfYrpjbqJWr
g3Xc7VUpin+Ewt6tFegVDm5Of3T+JXiwcT4MAfXROpychMx/uL/+3uKkAjUd6rPQgXWxM538uDFO
ABdYmVz4dbqB1ozGDRuqYa3qvl0BnIQ0ehifba7SQ3ye55v1gQuLlFc3DOwXiaGXMhkLXiji/6B+
7+00GXt8kFuOBQHPWty5X83dcbJg0RdkwyLiPnMb9wgU5JWdkURisbkQJrFBnqvWVuS7a9FfZuwM
CriCs/wnm4sG3Oal39trKyLm0UN/190H6B0Em0caja+vxxtLsTKFU/nnFAhjmjBg2CLzi3tLFq3b
TX5BMD+I2fvL+6IEb2Mnzw2wLZbd5yqeylEs+ZBszmlIlPe/ilnJ1zfSkzIvRHwcsaywt1kD3HR/
7n+4T2IvDf6jScjXdUquS/qBQqZrldca8pkm4M2iXLHkVCSLH8vVxoPUuvqZcj+8oWmj1FSQ18Lr
f5R8TUR1sFZp5kPedFHavYEKZDMzfB6nfqD+w/XpxrhQ6KCy1MvXR+vwcTM+sVjAs1ax3KTdJLc1
8btVE/lbmNB4PS9J/fXt6Y4FsKESdsIzv+RF455r88qzhluTrYIFor83aFbLe9/kytX66xZXU5pO
xand+jSQ9p3G1s44hwxjY6ZU0LQQAZQI9eJrJAZ44+Jd2Wh0WsBWp8IZn4ybHFysiogln164L/Ft
9yE03ufV+ueThDHL4ryVIChYu4vUaoTt7Z6f9/vkf8g4E78yv7hM5jzhxebc1b1aQSUDkiTrcK2O
NMR9eXf0NBNpq8tewz/vijfFzPiHfx0mqqdeLf0F94po8gC++/5RJHjr174l0rrymZj4n0tbEijt
Q4pto3UZOhdZDJWqcz6xb6/XwGY/Yti+uc7Cl3pf37qDYP38iiYYUdQKnqdJ8ryZEGu1ME/iYJII
0exiWsBXAv+FKPJQFBfNcOl+Q93jx0Gu1oZ8zKbjVVYgzTq9GTfzLgT8KbnLNayM9zXWM6+zdxbZ
cPKnpltn8/kLD7D8MfEfROmHLHt/afFQwz6X9IrBOV+E2J3aWD7//nJ9wm8TfEzxDjySRbkF/FN8
k0iiDBZfn4trml7GdAFV40I+dGnd1WtcaHdndtqJCl+wbPLPycYYqjAiLzYp7fN1uPyJ3lHfYk6d
N5Ov/9I++enuCyoqkX44vrF3t4G0t/h+q4V9HL/bXNdVL/oFdDM6SUXjZkIFevaQR6vNJ7KCPbX6
fN/SdjEIv+SROjOn97T6JG+ONALDnxYVjIuVwUFRsWZn71ljb52+3kbbeqart74R/UC5/dCyPG01
UttUh2LFk9jdjf1WQvH1tNcoPe9XIMHzNCGv0v9jyfJCdhBrJmpYy582+XhHYz/km6v8jiP29H2G
z+lLAjzvN/xZq6o4hVz3grNysoKAZafirQufiXZpWMJGoJ82xo5Z2vMMatgOGrZWytH0qS861P/q
hlbeVdPxukoYLcJmZ6cCvdIJefrpBvbgCw9uf7Uq9MJf2sWdhCJtpHwNcDswt9pUU56sxvyJRafs
8dNGN8mY4jNEigpsGFrrKPBrHBYwJcUpvQWVkTDkULMurii3Y2EN/HM7oxUd9vHrSsR3IiiW9ZB7
tx68da7HvTSkWHE5jiLOoUnOkdZcvq3RSzMsyeStjlHnzbg6IydQ1PMFwZeHvMxL3kxLRiYsJW6f
uPujoTvaPST/29/H1z0OcUAE9JaQBh4xqF3hPBZFcOSV/T7dj9QP88rB3t6eOvE/3l6dX1/enJHJ
7guXZ+RnPW467l2cXGvoL4hZUe6kkBYcuYfuzgCByxDk4UQ8Bxie0yQRZeLjA/f4mJZDwYUz9cZS
fiTmc4kInzBx9EP+oPUjd09STp/0rPzI7fcRtADxxiJgR/JsLjJAXME0NpBzgM1gc54+pkciwaOA
z+fcL6NipWhT7wAVInNyVhSo/SMpQXwxzEGrPDrhxaoG5YwF1gh81ezo9Oz8+P3VFKFasRBFspVe
UYMyH5jS5OBxL6V5vhRZcPQ3+QdiKgvh5PSR6YmPnC2dAKSIL0EdDRH0NBNPDu4Cgwnf0KleaOit
4ggth6DHIb40mhKYA3FK2yEgLNKwSGlNZBqynBHDP6EZI0XIiEjA9IqQFsRHDcq33njiR2XAAnzn
7ZnVKmwTEcPcOaJoY83pnHWJgCtZjkjJLGP0gaxEmWlshM8JKJLPuVwDdIivs0UrhfqGLSuE2wGb
U9BjTpYi+WtB8NEqmhEUYgws+zSKVkglvjamuF+GLCFlushoAAh6iFKZsEI4whNC3nwMGRKIbwXm
4CAIICJ5kUkmCigh84gWQJy8LEmOBCwGLMMRK6Tk8Ikcn5GQJkEkZRkr3MpYze4cEema1KU8LItA
wBbQ7yiOiNfRL3H5kchZ4HU0fcdRJJYEdxeQRPQ7LOSRU/IjWp0aJQ3QvOAyIvhMv54OvnpJKFpH
LoA4vZwSDtXoSJmD6sFjgvAls8fjSxgJzjfIFZr6mgMkzoDAxiJn0uYNNhADwd1IwFRAE0j2bEW0
/tQMvUmqAQ3ZvPnIQQdQwK8IDQKSsVzpHUkGTT8AaTQvM+lQCGh7xlBCoA/2W0nl650L/ghjH2kE
jvOtXhi85ZbCr1aFLcrQjzmg6wUU2CMYoNe/KeMZKAKM+jhfJT6+dEjwCWAw454e8h5UJPeX4RkH
hpkAzwdmAxPyLpFP4hLtcWBTdkEqMcgxxzAnpQSxBGFxmYAB4xCDfiItC3gDM8/EEwcTZyAOYE1u
nqQiEOVcEXU5x+2Co3BbdAkv/gqCLDI5MWDoaqW9tqaTt8AHmAAZaAFJZhzN8Ugie75ZqLTLrEwS
VHCA7lGkUiXybYG8RyBZ0Mckxv4U8TOah13bC2iLRclkWZkWCqoEhwKKgb6KO6lsMEMQGGxUtSfp
o+ABEP8yDWgzaIcCRA721msYHwx31DDL+mQQgtiSrYx/eBeJGVgVphBEXYHNGPMCnU3MFnS2KkAD
ZKIE35eiVm8PawRT1OOSS01ISwMPsnQUKmN8ueR2zoFYcJPARyKxzTPGzKLK/EF7pdzACwGKE+gv
0E7UUgtJqiPJG5G+4QdokBGiCEHwwf8LTjA/e40PDPrfygek2qkkRfv2ijSNMCfgaDByg0OuCcOV
DXVuf7BrESgdxke5czSd+V83QqncO5I09C7ELyFSJhApCXtifiljg1Ckq32LkbUazZ58yGPymjPj
6G6nZyMyvbickKvL68spOP7x1eXZhIzP7ggkvP84u+sSGESmtzDqjHy8uL06I+O725OzyaT33Fk0
JDMY7lmCGbOMC5lHoAvPkVUfH9UzcqnctAu6gGgVaF8kBzngQJlx0BohJMnANTh4sDXk/o9MUZkg
5KgYsxMcppfU+BUacNt1IDCRTa90i5EIExU5rfd8BtqJrj9AmSnzMZ9R0kbClbbV3IobMD2W5jXb
O33Nd771R4RpKexYUljQbAZ7yMFnnFUird3WyxKX2xLJ0vOIngf+P6ZJKXMomyLIMkuw0K2uiSvP
TdQYqQrX8paH4jyut2qP3KqooTYEJD+ijIKKGg6haJmQmofcoE4lC8DyXr9vcQ1rnksH8yzoSrNS
eCoe55mITfg28/UYxzbett6RM63fF+yGvGBwzyxnYrJhVGYm5DP2xuCDMk5VymiyU6IvOXip1uMp
DtSTJC+SaMMRnEEaAQ6CviB2SAggoMIqj2CEeV4ydCZFCNpcmGQaHR6uV1PWNQpWGYjOl3uGHhz8
WblhDeeHZfKQ1zyc0BThPC5jiOD4xgsxlQ4qmaiaT1FTSxr3lRat3FnPbRCqirSiTC7qYLpfQkjf
bWjyVKjLbcvHTAz9plrFDDcbTmHUQ9t8yizF8aG6ZRan+OUQmRlB6ooyBVpVOqNwpRTLMaJmKX5r
XmFaJWXFn6EAh9sZN4o0wvpH434N3Wu2iv/6NbdRFXogNQxFpNLcGS38UBYgkgHI2MDMdPiS/lGV
f/qqClkzViW8Jny+sXVoLqKLzlYFou8Sx7XUq1UrF3cKQ1AVWmQUqDNq9XWXEjNzKQks52TxgdMB
qInrkQvIRsHajmR6SU7G77swF+iYwW5c8gA2iMxMjB+uVnDkCiOyXxcBdYWQSzlZo3vkOABnF9Jo
vg21tSpdAgaWrpeDhQk2mNAArW1rh1ULXbNEOntC34ipLo26yvni8vp7ID0CnotJb4h5/ftxMjZV
QV0sY/GDk5b4OQGJtUyT1NGQZ0XZtd6+Of/EKuVjDWF0ji/ymzwOagxlTVZc3z0cqElbPTLWcyKa
LeQEqit3bTh6zXlGF8gjKA+Yy9NIpk5YiscUP/lB8Cs2wO1JxLG5JHsMGZM9fXI9fS9pzYEtZH5W
FgS7GlLn9YKqFurVrisuSgfnjSTFZnMEbFYuRnWd9XfiYn2ls0isseUIU1/nqhXBTN2tJmrzcQ1S
5fUM1pNQQF2NpmtKLGbKaukcA1pQktPH2hlj88g02fCq7SHwlV7wHowWtW8CulV31CTxsjAEA5Mp
Up5CjihTpkT4+LKZnA3SvaYrkCwaUiweTdWNwaTyvNLjOeaqWla3IYhh1vTTmt2XqWyfKAtRX31S
LSg5WptDmet+hQ/bozCuRM9y1KwRSSGDeeSRWU45Tu0CqtUwCtBkUeX7CU6O2iGpa0Y1WnIv9sBM
cXocixLNf678vN4NKF3VzZRRDj2AbkGAxvBMhylAcCfDloVAiiFhqsydMYVwxuZovrJ7KqNLaMxD
W4Rsqz4LgUoYuKAlDNjQhLbJBs586a8Jg5jyMsX9PyKZZoAtkG0labFAeI0AjyrKdvSGwLaAo77x
lDfcjY/RTS4oG8uNbtPlqVx0FglMa3FPo5xZhpYACTd4wJhoXknVUjEBVc5qiQJwOmRA3pAFFFl5
U2h1+8aSW++54PR+X1IuazHwQWD7SnOpSMuoNlx9ivFEjtLe5sCsK7N1J60cA3pt3OkjYmfBsnus
OlijKrZi403WieqCCklapVzdGzDtj8AWKW4TB78g9gxY7df2hTSElHEuGkqDjeqoJwes0aFA9VVk
JyJZxVjUwKYqsKnp5zb9WLPpEaQeIfmQ/o8uFhkUzqqdVnUvMaHDD309PGdSkgc7//b0dgRi0bdi
dLBBp7JkKj+msNmWcs1c0vwi9Sh0Za5GOy9IExSrxlTmBQE1cXQoaKZx8opoSgyy5QTtxupndcHF
piHtEvwOiIyFhZUfgQefswxyZAf9VoIxRl2v45XqkNFGj0zfcLPiWAmZIYRO6f2Me9EoterVCLPO
C4pWnPfw5Z4eF7VNx7bX16EO0eMsk6egltHl4tKyEainmRZwz15IX2uvZKT8WlDVAUDpW20Xq4di
2uUFLyopm25JqMHSx2DRonNd7WGwYQ1FRiBTPD6vUEEVASypGyPos0zDwHhHwKgdrJ2Y04jTvKov
IO2jcRrV55h5AL1akyOjUnMV7Bo7XCPys0wVIEx3ZcvrF4NefSzCCsb2LRzJGCZ0GQ9028DcPZP9
gJfiocwfZDqQy9xWlpWgOw5U66DeZMWsLSkxJwRvu2GkMdGxXnlEzq+Op6PBd/vd4eGT29152ukO
vnO/C5gvlJ9+i9/38tE9Hx30lUtXZ7vDrTrzUndKmnW68goYtTBxUW03mffIvhlo1V/hraHSL8rM
OHdTbmTV7Q/ppwAPBEFf3tXKjfgcc4cGbMWknG/OpYOSi8kZDTSlzEv0lx8tiCPzvZ7dJRSpLGbZ
E7jMXNds/gOm8rmsSkA2Mw4J9Eq1AOQ45BnIgRpCBSSzwxSvcg1IfzLLyXe6HXwPOkErk68PyPeq
re8JznzIxkIbgnfLkoBmDZiI7wNRQJHQgOovedaAMovsc3Qt9vmcR/K19hqyiBtfNwwhGFafHeCw
FR/tq7/m+nGDPXk9nqn7fvYQTP0C+TW4Gpb6TZbv2Fy3Ehoz5Y3XvAmC7Ce2IZPxlX0ar/LfIvk9
Rn1EhvjoygDvVRAH7/cP+7v9fTj8yyW2xYaHbkBpMBgErH8wHOwODofMnQX9/R0wJDafuy7bG+4f
kr8A7kI8sAQyjYa4VlTeQjaPlnziqXoKa6hO1Zcpq9Fw+hQ3FSKQnUG/v+O6g0P8FkAKtpE3xrSm
pLoLqD866eLHNLudcSgNZKA/vFLf5L6X+VVZcPxaFn4kU6lyMeMJzVZ6Cj7zKTHic5R4Ij1NoD6r
qd5+9LNVWggJ2JGARfBM8ryhLDgv2I4NyhgYJFr+Qn0gUJPz++//B2dIsPY=
===END CRASH DUMP===
